[2025-08-14 17:10:52] [MAIN] Logging to file: /Users/mohammadsaad/Desktop/IMO Framework CEO Genius /logs/IMO16.log
[2025-08-14 17:10:52] 

[MAIN] >>>>>>>>>>>>>>>>>>>>>>>>>> Run 0 of 10 ...
[2025-08-14 17:10:52] [NRPA] Starting Strategist with NRPA Strategy Search...
[2025-08-14 17:10:58] [DEBUG] Raw strategist response: ''
[2025-08-14 17:10:58] [NRPA] Empty strategist response received (attempt 1/3)
[2025-08-14 17:10:58] [ERROR] Exception in enumerate_initial_strategies (attempt 1): Empty response from strategist
[2025-08-14 17:10:58] [NRPA] Invalid/empty strategist response, re-asking (attempt 1/3)
[2025-08-14 17:11:08] [DEBUG] Raw strategist response: ''
[2025-08-14 17:11:08] [NRPA] Empty strategist response received (attempt 2/3)
[2025-08-14 17:11:08] [ERROR] Exception in enumerate_initial_strategies (attempt 2): Empty response from strategist
[2025-08-14 17:11:08] [NRPA] Invalid/empty strategist response, re-asking (attempt 2/3)
[2025-08-14 17:11:17] [DEBUG] Raw strategist response: ''
[2025-08-14 17:11:17] [NRPA] Empty strategist response received (attempt 3/3)
[2025-08-14 17:11:17] [ERROR] Exception in enumerate_initial_strategies (attempt 3): Empty response from strategist
[2025-08-14 17:11:17] [NRPA] All re-asking attempts failed, using default strategies
[2025-08-14 17:11:17] [NRPA] No valid strategies parsed, using default strategies:
[2025-08-14 17:11:17]  - Direct Approach: Solve the problem directly using standard techniques
[2025-08-14 17:11:17]  - Case Analysis: Break the problem into manageable cases
[2025-08-14 17:11:17]  - Proof by Contradiction: Assume the opposite and derive a contradiction
[2025-08-14 17:11:17] [NRPA] Starting search: L=2, N=60, Alpha=1.0, MaxDepth=4, Temp=1.0
[2025-08-14 17:11:17] [NRPA] Generating refinements for prefix: Direct Approach: Solve the problem directly using standard techniques
[2025-08-14 17:11:26] [DEBUG] Raw refinement response: ''
[2025-08-14 17:11:26] [NRPA] Empty refinement response received (attempt 1/3)
[2025-08-14 17:11:26] [NRPA] Refinement validation failed, re-asking (attempt 1/3)
[2025-08-14 17:11:26] [NRPA] Re-asking for refinements (attempt 2/3) due to: ['empty_response']
[2025-08-14 17:11:35] [DEBUG] Raw refinement response: ''
[2025-08-14 17:11:35] [NRPA] Empty refinement response received (attempt 2/3)
[2025-08-14 17:11:35] [NRPA] Refinement validation failed, re-asking (attempt 2/3)
[2025-08-14 17:11:35] [NRPA] Re-asking for refinements (attempt 3/3) due to: ['empty_response']
[2025-08-14 17:11:46] [DEBUG] Raw refinement response: ''
[2025-08-14 17:11:46] [NRPA] Empty refinement response received (attempt 3/3)
[2025-08-14 17:11:46] [NRPA] Refinement validation failed, re-asking (attempt 3/3)
[2025-08-14 17:11:46] [NRPA] Using default refinements after failed parsing
[2025-08-14 17:11:46] [NRPA] Generated 1 default refinement
[2025-08-14 17:11:46] [NRPA] Generating refinements for prefix: Direct Approach: Solve the problem directly using standard techniques -> Refinement of: Direct Approach: Solve the problem directly using ...
