[2025-08-12 13:30:55] [MAIN] Logging to file: /Users/mohammadsaad/Desktop/IMO Framework CEO Genius /logs/IMO10.log
[2025-08-12 13:30:55] 

[MAIN] >>>>>>>>>>>>>>>>>>>>>>>>>> Run 0 of 10 ...
[2025-08-12 13:30:55] [NRPA] Starting Strategist with NRPA Strategy Search...
[2025-08-12 13:30:55] [ERROR] Exception in enumerate_initial_strategies: '\n  "canvas"'
[2025-08-12 13:30:55] [NRPA] Using default strategies due to error:
[2025-08-12 13:30:55]  - Direct Approach: Solve the problem directly using standard techniques
[2025-08-12 13:30:55]  - Case Analysis: Break the problem into manageable cases
[2025-08-12 13:30:55]  - Proof by Contradiction: Assume the opposite and derive a contradiction
[2025-08-12 13:30:55] [NRPA] Starting search: L=2, N=60, Alpha=1.0, MaxDepth=4, Temp=1.0
[2025-08-12 13:30:55] [NRPA] Generating refinements for prefix: Proof by Contradiction: Assume the opposite and derive a contradiction
[2025-08-12 13:30:55] [ERROR] Exception in generate_refinements: '"refinements"'
[2025-08-12 13:30:55] [NRPA] Using default refinement due to error: ['Refinement of: Proof by Contradiction: Assume the opposite and derive a contradiction']
[2025-08-12 13:30:55] [NRPA] Generating refinements for prefix: Proof by Contradiction: Assume the opposite and derive a contradiction -> Refinement of: Proof by Contradiction: Assume the opposite and derive a contradiction
[2025-08-12 13:30:55] [ERROR] Exception in generate_refinements: '"refinements"'
[2025-08-12 13:30:55] [NRPA] Using default refinement due to error: ['Refinement of: Proof by Contradiction: Assume the opposite and derive a contradiction -> Refinement of: Proof by Contradiction: Assume the opposite and derive a contradiction']
[2025-08-12 13:30:55] [NRPA] Generating refinements for prefix: Proof by Contradiction: Assume the opposite and derive a contradiction -> Refinement of: Proof by Contradiction: Assume the opposite and derive a contradiction -> Refinement of: Proof by Contradiction: Assume the opposite and derive a contradiction -> Refinement of: Proof by Contradiction: Assume the opposite and derive a contradiction
[2025-08-12 13:30:55] [ERROR] Exception in generate_refinements: '"refinements"'
[2025-08-12 13:30:55] [NRPA] Using default refinement due to error: ['Refinement of: Proof by Contradiction: Assume the opposite and derive a contradiction -> Refinement of: Proof by Contradiction: Assume the opposite and derive a contradiction']
[2025-08-12 13:30:55] [MAIN] >>>>>>> Error in run 0: attempted relative import with no known parent package
[2025-08-12 13:30:55] 

[MAIN] >>>>>>>>>>>>>>>>>>>>>>>>>> Run 1 of 10 ...
[2025-08-12 13:30:55] [NRPA] Starting Strategist with NRPA Strategy Search...
[2025-08-12 13:30:55] [ERROR] Exception in enumerate_initial_strategies: '\n  "canvas"'
[2025-08-12 13:30:55] [NRPA] Using default strategies due to error:
[2025-08-12 13:30:55]  - Direct Approach: Solve the problem directly using standard techniques
[2025-08-12 13:30:55]  - Case Analysis: Break the problem into manageable cases
[2025-08-12 13:30:55]  - Proof by Contradiction: Assume the opposite and derive a contradiction
[2025-08-12 13:30:55] [NRPA] Starting search: L=2, N=60, Alpha=1.0, MaxDepth=4, Temp=1.0
[2025-08-12 13:30:55] [NRPA] Generating refinements for prefix: Case Analysis: Break the problem into manageable cases
[2025-08-12 13:30:55] [ERROR] Exception in generate_refinements: '"refinements"'
[2025-08-12 13:30:55] [NRPA] Using default refinement due to error: ['Refinement of: Case Analysis: Break the problem into manageable cases']
[2025-08-12 13:30:55] [NRPA] Generating refinements for prefix: Case Analysis: Break the problem into manageable cases -> Refinement of: Case Analysis: Break the problem into manageable cases
[2025-08-12 13:30:55] [ERROR] Exception in generate_refinements: '"refinements"'
[2025-08-12 13:30:55] [NRPA] Using default refinement due to error: ['Refinement of: Case Analysis: Break the problem into manageable cases -> Refinement of: Case Analysis: Break the problem into manageable cases']
[2025-08-12 13:30:55] [NRPA] Generating refinements for prefix: Case Analysis: Break the problem into manageable cases -> Refinement of: Case Analysis: Break the problem into manageable cases -> Refinement of: Case Analysis: Break the problem into manageable cases -> Refinement of: Case Analysis: Break the problem into manageable cases
[2025-08-12 13:30:55] [ERROR] Exception in generate_refinements: '"refinements"'
[2025-08-12 13:30:55] [NRPA] Using default refinement due to error: ['Refinement of: Case Analysis: Break the problem into manageable cases -> Refinement of: Case Analysis: Break the problem into manageable cases']
[2025-08-12 13:30:55] [MAIN] >>>>>>> Error in run 1: attempted relative import with no known parent package
[2025-08-12 13:30:55] 

[MAIN] >>>>>>>>>>>>>>>>>>>>>>>>>> Run 2 of 10 ...
[2025-08-12 13:30:55] [NRPA] Starting Strategist with NRPA Strategy Search...
[2025-08-12 13:30:55] [ERROR] Exception in enumerate_initial_strategies: '\n  "canvas"'
[2025-08-12 13:30:55] [NRPA] Using default strategies due to error:
[2025-08-12 13:30:55]  - Direct Approach: Solve the problem directly using standard techniques
[2025-08-12 13:30:55]  - Case Analysis: Break the problem into manageable cases
[2025-08-12 13:30:55]  - Proof by Contradiction: Assume the opposite and derive a contradiction
[2025-08-12 13:30:55] [NRPA] Starting search: L=2, N=60, Alpha=1.0, MaxDepth=4, Temp=1.0
[2025-08-12 13:30:55] [NRPA] Generating refinements for prefix: Direct Approach: Solve the problem directly using standard techniques
[2025-08-12 13:30:55] [ERROR] Exception in generate_refinements: '"refinements"'
[2025-08-12 13:30:55] [NRPA] Using default refinement due to error: ['Refinement of: Direct Approach: Solve the problem directly using standard techniques']
[2025-08-12 13:30:55] [NRPA] Generating refinements for prefix: Direct Approach: Solve the problem directly using standard techniques -> Refinement of: Direct Approach: Solve the problem directly using standard techniques
[2025-08-12 13:30:55] [ERROR] Exception in generate_refinements: '"refinements"'
[2025-08-12 13:30:55] [NRPA] Using default refinement due to error: ['Refinement of: Direct Approach: Solve the problem directly using standard techniques -> Refinement of: Direct Approach: Solve the problem directly using standard techniques']
[2025-08-12 13:30:55] [NRPA] Generating refinements for prefix: Direct Approach: Solve the problem directly using standard techniques -> Refinement of: Direct Approach: Solve the problem directly using standard techniques -> Refinement of: Direct Approach: Solve the problem directly using standard techniques -> Refinement of: Direct Approach: Solve the problem directly using standard techniques
[2025-08-12 13:30:55] [ERROR] Exception in generate_refinements: '"refinements"'
[2025-08-12 13:30:55] [NRPA] Using default refinement due to error: ['Refinement of: Direct Approach: Solve the problem directly using standard techniques -> Refinement of: Direct Approach: Solve the problem directly using standard techniques']
[2025-08-12 13:30:55] [MAIN] >>>>>>> Error in run 2: attempted relative import with no known parent package
[2025-08-12 13:30:55] 

[MAIN] >>>>>>>>>>>>>>>>>>>>>>>>>> Run 3 of 10 ...
[2025-08-12 13:30:55] [NRPA] Starting Strategist with NRPA Strategy Search...
[2025-08-12 13:30:55] [ERROR] Exception in enumerate_initial_strategies: '\n  "canvas"'
[2025-08-12 13:30:55] [NRPA] Using default strategies due to error:
[2025-08-12 13:30:55]  - Direct Approach: Solve the problem directly using standard techniques
[2025-08-12 13:30:55]  - Case Analysis: Break the problem into manageable cases
[2025-08-12 13:30:55]  - Proof by Contradiction: Assume the opposite and derive a contradiction
[2025-08-12 13:30:55] [NRPA] Starting search: L=2, N=60, Alpha=1.0, MaxDepth=4, Temp=1.0
[2025-08-12 13:30:55] [NRPA] Generating refinements for prefix: Direct Approach: Solve the problem directly using standard techniques
[2025-08-12 13:30:55] [ERROR] Exception in generate_refinements: '"refinements"'
[2025-08-12 13:30:55] [NRPA] Using default refinement due to error: ['Refinement of: Direct Approach: Solve the problem directly using standard techniques']
[2025-08-12 13:30:55] [NRPA] Generating refinements for prefix: Direct Approach: Solve the problem directly using standard techniques -> Refinement of: Direct Approach: Solve the problem directly using standard techniques
[2025-08-12 13:30:55] [ERROR] Exception in generate_refinements: '"refinements"'
[2025-08-12 13:30:55] [NRPA] Using default refinement due to error: ['Refinement of: Direct Approach: Solve the problem directly using standard techniques -> Refinement of: Direct Approach: Solve the problem directly using standard techniques']
[2025-08-12 13:30:55] [NRPA] Generating refinements for prefix: Direct Approach: Solve the problem directly using standard techniques -> Refinement of: Direct Approach: Solve the problem directly using standard techniques -> Refinement of: Direct Approach: Solve the problem directly using standard techniques -> Refinement of: Direct Approach: Solve the problem directly using standard techniques
[2025-08-12 13:30:55] [ERROR] Exception in generate_refinements: '"refinements"'
[2025-08-12 13:30:55] [NRPA] Using default refinement due to error: ['Refinement of: Direct Approach: Solve the problem directly using standard techniques -> Refinement of: Direct Approach: Solve the problem directly using standard techniques']
[2025-08-12 13:30:55] [MAIN] >>>>>>> Error in run 3: attempted relative import with no known parent package
[2025-08-12 13:30:55] 

[MAIN] >>>>>>>>>>>>>>>>>>>>>>>>>> Run 4 of 10 ...
[2025-08-12 13:30:55] [NRPA] Starting Strategist with NRPA Strategy Search...
[2025-08-12 13:30:55] [ERROR] Exception in enumerate_initial_strategies: '\n  "canvas"'
[2025-08-12 13:30:55] [NRPA] Using default strategies due to error:
[2025-08-12 13:30:55]  - Direct Approach: Solve the problem directly using standard techniques
[2025-08-12 13:30:55]  - Case Analysis: Break the problem into manageable cases
[2025-08-12 13:30:55]  - Proof by Contradiction: Assume the opposite and derive a contradiction
[2025-08-12 13:30:55] [NRPA] Starting search: L=2, N=60, Alpha=1.0, MaxDepth=4, Temp=1.0
[2025-08-12 13:30:55] [NRPA] Generating refinements for prefix: Case Analysis: Break the problem into manageable cases
[2025-08-12 13:30:55] [ERROR] Exception in generate_refinements: '"refinements"'
[2025-08-12 13:30:55] [NRPA] Using default refinement due to error: ['Refinement of: Case Analysis: Break the problem into manageable cases']
[2025-08-12 13:30:55] [NRPA] Generating refinements for prefix: Case Analysis: Break the problem into manageable cases -> Refinement of: Case Analysis: Break the problem into manageable cases
[2025-08-12 13:30:55] [ERROR] Exception in generate_refinements: '"refinements"'
[2025-08-12 13:30:55] [NRPA] Using default refinement due to error: ['Refinement of: Case Analysis: Break the problem into manageable cases -> Refinement of: Case Analysis: Break the problem into manageable cases']
[2025-08-12 13:30:55] [NRPA] Generating refinements for prefix: Case Analysis: Break the problem into manageable cases -> Refinement of: Case Analysis: Break the problem into manageable cases -> Refinement of: Case Analysis: Break the problem into manageable cases -> Refinement of: Case Analysis: Break the problem into manageable cases
[2025-08-12 13:30:55] [ERROR] Exception in generate_refinements: '"refinements"'
[2025-08-12 13:30:55] [NRPA] Using default refinement due to error: ['Refinement of: Case Analysis: Break the problem into manageable cases -> Refinement of: Case Analysis: Break the problem into manageable cases']
[2025-08-12 13:30:55] [MAIN] >>>>>>> Error in run 4: attempted relative import with no known parent package
[2025-08-12 13:30:55] 

[MAIN] >>>>>>>>>>>>>>>>>>>>>>>>>> Run 5 of 10 ...
[2025-08-12 13:30:55] [NRPA] Starting Strategist with NRPA Strategy Search...
[2025-08-12 13:30:55] [ERROR] Exception in enumerate_initial_strategies: '\n  "canvas"'
[2025-08-12 13:30:55] [NRPA] Using default strategies due to error:
[2025-08-12 13:30:55]  - Direct Approach: Solve the problem directly using standard techniques
[2025-08-12 13:30:55]  - Case Analysis: Break the problem into manageable cases
[2025-08-12 13:30:55]  - Proof by Contradiction: Assume the opposite and derive a contradiction
[2025-08-12 13:30:55] [NRPA] Starting search: L=2, N=60, Alpha=1.0, MaxDepth=4, Temp=1.0
[2025-08-12 13:30:55] [NRPA] Generating refinements for prefix: Case Analysis: Break the problem into manageable cases
[2025-08-12 13:30:55] [ERROR] Exception in generate_refinements: '"refinements"'
[2025-08-12 13:30:55] [NRPA] Using default refinement due to error: ['Refinement of: Case Analysis: Break the problem into manageable cases']
[2025-08-12 13:30:55] [NRPA] Generating refinements for prefix: Case Analysis: Break the problem into manageable cases -> Refinement of: Case Analysis: Break the problem into manageable cases
[2025-08-12 13:30:55] [ERROR] Exception in generate_refinements: '"refinements"'
[2025-08-12 13:30:55] [NRPA] Using default refinement due to error: ['Refinement of: Case Analysis: Break the problem into manageable cases -> Refinement of: Case Analysis: Break the problem into manageable cases']
[2025-08-12 13:30:55] [NRPA] Generating refinements for prefix: Case Analysis: Break the problem into manageable cases -> Refinement of: Case Analysis: Break the problem into manageable cases -> Refinement of: Case Analysis: Break the problem into manageable cases -> Refinement of: Case Analysis: Break the problem into manageable cases
[2025-08-12 13:30:55] [ERROR] Exception in generate_refinements: '"refinements"'
[2025-08-12 13:30:55] [NRPA] Using default refinement due to error: ['Refinement of: Case Analysis: Break the problem into manageable cases -> Refinement of: Case Analysis: Break the problem into manageable cases']
[2025-08-12 13:30:55] [MAIN] >>>>>>> Error in run 5: attempted relative import with no known parent package
[2025-08-12 13:30:55] 

[MAIN] >>>>>>>>>>>>>>>>>>>>>>>>>> Run 6 of 10 ...
[2025-08-12 13:30:55] [NRPA] Starting Strategist with NRPA Strategy Search...
[2025-08-12 13:30:55] [ERROR] Exception in enumerate_initial_strategies: '\n  "canvas"'
[2025-08-12 13:30:55] [NRPA] Using default strategies due to error:
[2025-08-12 13:30:55]  - Direct Approach: Solve the problem directly using standard techniques
[2025-08-12 13:30:55]  - Case Analysis: Break the problem into manageable cases
[2025-08-12 13:30:55]  - Proof by Contradiction: Assume the opposite and derive a contradiction
[2025-08-12 13:30:55] [NRPA] Starting search: L=2, N=60, Alpha=1.0, MaxDepth=4, Temp=1.0
[2025-08-12 13:30:55] [NRPA] Generating refinements for prefix: Case Analysis: Break the problem into manageable cases
[2025-08-12 13:30:55] [ERROR] Exception in generate_refinements: '"refinements"'
[2025-08-12 13:30:55] [NRPA] Using default refinement due to error: ['Refinement of: Case Analysis: Break the problem into manageable cases']
[2025-08-12 13:30:55] [NRPA] Generating refinements for prefix: Case Analysis: Break the problem into manageable cases -> Refinement of: Case Analysis: Break the problem into manageable cases
[2025-08-12 13:30:55] [ERROR] Exception in generate_refinements: '"refinements"'
[2025-08-12 13:30:55] [NRPA] Using default refinement due to error: ['Refinement of: Case Analysis: Break the problem into manageable cases -> Refinement of: Case Analysis: Break the problem into manageable cases']
[2025-08-12 13:30:55] [NRPA] Generating refinements for prefix: Case Analysis: Break the problem into manageable cases -> Refinement of: Case Analysis: Break the problem into manageable cases -> Refinement of: Case Analysis: Break the problem into manageable cases -> Refinement of: Case Analysis: Break the problem into manageable cases
[2025-08-12 13:30:55] [ERROR] Exception in generate_refinements: '"refinements"'
[2025-08-12 13:30:55] [NRPA] Using default refinement due to error: ['Refinement of: Case Analysis: Break the problem into manageable cases -> Refinement of: Case Analysis: Break the problem into manageable cases']
[2025-08-12 13:30:55] [MAIN] >>>>>>> Error in run 6: attempted relative import with no known parent package
[2025-08-12 13:30:55] 

[MAIN] >>>>>>>>>>>>>>>>>>>>>>>>>> Run 7 of 10 ...
[2025-08-12 13:30:55] [NRPA] Starting Strategist with NRPA Strategy Search...
[2025-08-12 13:30:55] [ERROR] Exception in enumerate_initial_strategies: '\n  "canvas"'
[2025-08-12 13:30:55] [NRPA] Using default strategies due to error:
[2025-08-12 13:30:55]  - Direct Approach: Solve the problem directly using standard techniques
[2025-08-12 13:30:55]  - Case Analysis: Break the problem into manageable cases
[2025-08-12 13:30:55]  - Proof by Contradiction: Assume the opposite and derive a contradiction
[2025-08-12 13:30:55] [NRPA] Starting search: L=2, N=60, Alpha=1.0, MaxDepth=4, Temp=1.0
[2025-08-12 13:30:55] [NRPA] Generating refinements for prefix: Direct Approach: Solve the problem directly using standard techniques
[2025-08-12 13:30:55] [ERROR] Exception in generate_refinements: '"refinements"'
[2025-08-12 13:30:55] [NRPA] Using default refinement due to error: ['Refinement of: Direct Approach: Solve the problem directly using standard techniques']
[2025-08-12 13:30:55] [NRPA] Generating refinements for prefix: Direct Approach: Solve the problem directly using standard techniques -> Refinement of: Direct Approach: Solve the problem directly using standard techniques
[2025-08-12 13:30:55] [ERROR] Exception in generate_refinements: '"refinements"'
[2025-08-12 13:30:55] [NRPA] Using default refinement due to error: ['Refinement of: Direct Approach: Solve the problem directly using standard techniques -> Refinement of: Direct Approach: Solve the problem directly using standard techniques']
[2025-08-12 13:30:55] [NRPA] Generating refinements for prefix: Direct Approach: Solve the problem directly using standard techniques -> Refinement of: Direct Approach: Solve the problem directly using standard techniques -> Refinement of: Direct Approach: Solve the problem directly using standard techniques -> Refinement of: Direct Approach: Solve the problem directly using standard techniques
[2025-08-12 13:30:55] [ERROR] Exception in generate_refinements: '"refinements"'
[2025-08-12 13:30:55] [NRPA] Using default refinement due to error: ['Refinement of: Direct Approach: Solve the problem directly using standard techniques -> Refinement of: Direct Approach: Solve the problem directly using standard techniques']
[2025-08-12 13:30:55] [MAIN] >>>>>>> Error in run 7: attempted relative import with no known parent package
[2025-08-12 13:30:55] 

[MAIN] >>>>>>>>>>>>>>>>>>>>>>>>>> Run 8 of 10 ...
[2025-08-12 13:30:55] [NRPA] Starting Strategist with NRPA Strategy Search...
[2025-08-12 13:30:55] [ERROR] Exception in enumerate_initial_strategies: '\n  "canvas"'
[2025-08-12 13:30:55] [NRPA] Using default strategies due to error:
[2025-08-12 13:30:55]  - Direct Approach: Solve the problem directly using standard techniques
[2025-08-12 13:30:55]  - Case Analysis: Break the problem into manageable cases
[2025-08-12 13:30:55]  - Proof by Contradiction: Assume the opposite and derive a contradiction
[2025-08-12 13:30:55] [NRPA] Starting search: L=2, N=60, Alpha=1.0, MaxDepth=4, Temp=1.0
[2025-08-12 13:30:55] [NRPA] Generating refinements for prefix: Proof by Contradiction: Assume the opposite and derive a contradiction
[2025-08-12 13:30:55] [ERROR] Exception in generate_refinements: '"refinements"'
[2025-08-12 13:30:55] [NRPA] Using default refinement due to error: ['Refinement of: Proof by Contradiction: Assume the opposite and derive a contradiction']
[2025-08-12 13:30:55] [NRPA] Generating refinements for prefix: Proof by Contradiction: Assume the opposite and derive a contradiction -> Refinement of: Proof by Contradiction: Assume the opposite and derive a contradiction
[2025-08-12 13:30:55] [ERROR] Exception in generate_refinements: '"refinements"'
[2025-08-12 13:30:55] [NRPA] Using default refinement due to error: ['Refinement of: Proof by Contradiction: Assume the opposite and derive a contradiction -> Refinement of: Proof by Contradiction: Assume the opposite and derive a contradiction']
[2025-08-12 13:30:55] [NRPA] Generating refinements for prefix: Proof by Contradiction: Assume the opposite and derive a contradiction -> Refinement of: Proof by Contradiction: Assume the opposite and derive a contradiction -> Refinement of: Proof by Contradiction: Assume the opposite and derive a contradiction -> Refinement of: Proof by Contradiction: Assume the opposite and derive a contradiction
[2025-08-12 13:30:55] [ERROR] Exception in generate_refinements: '"refinements"'
[2025-08-12 13:30:55] [NRPA] Using default refinement due to error: ['Refinement of: Proof by Contradiction: Assume the opposite and derive a contradiction -> Refinement of: Proof by Contradiction: Assume the opposite and derive a contradiction']
[2025-08-12 13:30:55] [MAIN] >>>>>>> Error in run 8: attempted relative import with no known parent package
[2025-08-12 13:30:55] 

[MAIN] >>>>>>>>>>>>>>>>>>>>>>>>>> Run 9 of 10 ...
[2025-08-12 13:30:55] [NRPA] Starting Strategist with NRPA Strategy Search...
[2025-08-12 13:30:55] [ERROR] Exception in enumerate_initial_strategies: '\n  "canvas"'
[2025-08-12 13:30:55] [NRPA] Using default strategies due to error:
[2025-08-12 13:30:55]  - Direct Approach: Solve the problem directly using standard techniques
[2025-08-12 13:30:55]  - Case Analysis: Break the problem into manageable cases
[2025-08-12 13:30:55]  - Proof by Contradiction: Assume the opposite and derive a contradiction
[2025-08-12 13:30:55] [NRPA] Starting search: L=2, N=60, Alpha=1.0, MaxDepth=4, Temp=1.0
[2025-08-12 13:30:55] [NRPA] Generating refinements for prefix: Proof by Contradiction: Assume the opposite and derive a contradiction
[2025-08-12 13:30:55] [ERROR] Exception in generate_refinements: '"refinements"'
[2025-08-12 13:30:55] [NRPA] Using default refinement due to error: ['Refinement of: Proof by Contradiction: Assume the opposite and derive a contradiction']
[2025-08-12 13:30:55] [NRPA] Generating refinements for prefix: Proof by Contradiction: Assume the opposite and derive a contradiction -> Refinement of: Proof by Contradiction: Assume the opposite and derive a contradiction
[2025-08-12 13:30:55] [ERROR] Exception in generate_refinements: '"refinements"'
[2025-08-12 13:30:55] [NRPA] Using default refinement due to error: ['Refinement of: Proof by Contradiction: Assume the opposite and derive a contradiction -> Refinement of: Proof by Contradiction: Assume the opposite and derive a contradiction']
[2025-08-12 13:30:55] [NRPA] Generating refinements for prefix: Proof by Contradiction: Assume the opposite and derive a contradiction -> Refinement of: Proof by Contradiction: Assume the opposite and derive a contradiction -> Refinement of: Proof by Contradiction: Assume the opposite and derive a contradiction -> Refinement of: Proof by Contradiction: Assume the opposite and derive a contradiction
[2025-08-12 13:30:55] [ERROR] Exception in generate_refinements: '"refinements"'
[2025-08-12 13:30:55] [NRPA] Using default refinement due to error: ['Refinement of: Proof by Contradiction: Assume the opposite and derive a contradiction -> Refinement of: Proof by Contradiction: Assume the opposite and derive a contradiction']
[2025-08-12 13:30:55] [MAIN] >>>>>>> Error in run 9: attempted relative import with no known parent package
