[2025-08-15 22:33:38] [MAIN] Logging to file: /Users/mohammadsaad/Desktop/IMO Framework CEO Genius /logs/IMO20.log
[2025-08-15 22:33:38] 

[MAIN] >>>>>>>>>>>>>>>>>>>>>>>>>> Run 0 of 10 ...
[2025-08-15 22:33:38] [TRACE] ENTER initialize_scratchpad(arg0=*** Problem Statement ***

A line in the plane ...)
[2025-08-15 22:33:38] [TRACE] EXIT initialize_scratchpad -> --- WORKING THEORY SCRATCHPAD ---
**Problem Statement:** *** Problem Statement ***

A line in the plane is called *sunny* if it is not parallel to any of the $x$-axis, the $y$-axis, and the line $x... (0.00ms)
[2025-08-15 22:33:38] [TRACE] ENTER init_explorations(arg0=*** Problem Statement ***

A line in the plane ..., arg1=True, arg2=[], arg3=<code.agent.BacktrackingManager object at 0x105..., arg4=<code.agent.TelemetrySystem object at 0x10555cd90>)
[2025-08-15 22:33:38] [TRACE] ENTER initialize_scratchpad(arg0=*** Problem Statement ***

A line in the plane ...)
[2025-08-15 22:33:38] [TRACE] EXIT initialize_scratchpad -> --- WORKING THEORY SCRATCHPAD ---
**Problem Statement:** *** Problem Statement ***

A line in the plane is called *sunny* if it is not parallel to any of the $x$-axis, the $y$-axis, and the line $x... (0.00ms)
[2025-08-15 22:33:38] [NRPA] Starting Strategist with NRPA Strategy Search...
[2025-08-15 22:33:38] [TRACE] ENTER enumerate_initial_strategies(arg0=*** Problem Statement ***

A line in the plane ..., arg1=[])
[2025-08-15 22:33:38] Error: CEO_API_KEY environment variable not set.
[2025-08-15 22:33:38] Please check your .env file.
