[2025-08-22 14:42:51] [MAIN] Logging to file: /Users/mohammadsaad/Desktop/IMO Framework CEO Genius /logs/IMO35.log
[2025-08-22 14:42:51] 

[MAIN] >>>>>>>>>>>>>>>>>>>>>>>>>> Run 0 of 10 ...
[2025-08-22 14:42:51] [TRACE] ENTER initialize_scratchpad(arg0=*** Problem Statement ***

A line in the plane ...)
[2025-08-22 14:42:51] [TRACE] EXIT initialize_scratchpad -> --- WORKING THEORY SCRATCHPAD ---
**Problem Statement:** *** Problem Statement ***

A line in the plane is called *sunny* if it is not parallel to any of the $x$-axis, the $y$-axis, and the line $x... (0.00ms)
[2025-08-22 14:42:51] [TRACE] ENTER init_explorations(arg0=*** Problem Statement ***

A line in the plane ..., arg1=True, arg2=[], arg3=<__main__.BacktrackingManager object at 0x10258..., arg4=<__main__.TelemetrySystem object at 0x101c62540>)
[2025-08-22 14:42:51] [TRACE] ENTER initialize_scratchpad(arg0=*** Problem Statement ***

A line in the plane ...)
[2025-08-22 14:42:51] [TRACE] EXIT initialize_scratchpad -> --- WORKING THEORY SCRATCHPAD ---
**Problem Statement:** *** Problem Statement ***

A line in the plane is called *sunny* if it is not parallel to any of the $x$-axis, the $y$-axis, and the line $x... (0.00ms)
[2025-08-22 14:42:51] [NRPA] Starting Strategist with NRPA Strategy Search...
[2025-08-22 14:42:51] [TRACE] ENTER enumerate_initial_strategies(arg0=*** Problem Statement ***

A line in the plane ..., arg1=[])
[2025-08-22 14:42:51] [ERROR] Exception in enumerate_initial_strategies (attempt 1): No module named 'prompts'
[2025-08-22 14:42:51] [NRPA] Invalid/empty strategist response, re-asking (attempt 1/5)
[2025-08-22 14:42:53] [ERROR] Exception in enumerate_initial_strategies (attempt 2): No module named 'prompts'
[2025-08-22 14:42:53] [NRPA] Invalid/empty strategist response, re-asking (attempt 2/5)
[2025-08-22 14:42:55] [ERROR] Exception in enumerate_initial_strategies (attempt 3): No module named 'prompts'
[2025-08-22 14:42:55] [NRPA] Invalid/empty strategist response, re-asking (attempt 3/5)
[2025-08-22 14:42:57] [ERROR] Exception in enumerate_initial_strategies (attempt 4): No module named 'prompts'
[2025-08-22 14:42:57] [NRPA] Invalid/empty strategist response, re-asking (attempt 4/5)
[2025-08-22 14:42:59] [ERROR] Exception in enumerate_initial_strategies (attempt 5): No module named 'prompts'
[2025-08-22 14:42:59] [NRPA] All re-asking attempts failed, using default strategies
[2025-08-22 14:42:59] [NRPA] No valid strategies parsed, using default strategies:
[2025-08-22 14:42:59]  - Direct Approach: Solve the problem directly using standard techniques and known theorems
[2025-08-22 14:42:59]  - Case Analysis: Break the problem into manageable cases based on key parameters
[2025-08-22 14:42:59]  - Proof by Contradiction: Assume the opposite of what we want to prove and derive a contradiction
[2025-08-22 14:42:59]  - Constructive Proof: Build explicit examples or constructions to demonstrate the solution exists
[2025-08-22 14:42:59]  - Induction: Use mathematical induction if the problem involves natural numbers or recursive structures
[2025-08-22 14:42:59] [TRACE] EXIT enumerate_initial_strategies -> ['Direct Approach: Solve the problem directly using standard techniques and known theorems', 'Case Analysis: Break the problem into manageable cases based on key parameters', 'Proof by Contradictio... (8.01ms)
[2025-08-22 14:42:59] [NRPA] Starting search: L=2, N=60, Alpha=1.0, MaxDepth=4, Temp=1.0
[2025-08-22 14:42:59] [TRACE] ENTER rollout(arg0=<IMO25.code.nrpa.PolicyManager object at 0x1025..., arg1=['Direct Approach: Solve the problem directly u..., arg2=<function NRPAStrategySelector.select_strategy...., arg3=<function NRPAStrateg...)
[2025-08-22 14:42:59] [NRPA] Generating refinements for prefix: Proof by Contradiction: Assume the opposite of what we want to prove and derive a contradiction
[2025-08-22 14:42:59] [ERROR] Exception in generate_refinements: No module named 'prompts'
[2025-08-22 14:42:59] [NRPA] Using default refinement due to error: ['Refinement of: Proof by Contradiction: Assume the opposite of what we want to prove and derive a contradiction']
[2025-08-22 14:42:59] [NRPA] Generating refinements for prefix: Proof by Contradiction: Assume the opposite of what we want to prove and derive a contradiction -> Refinement of: Proof by Contradiction: Assume the opposite of what we want to prove and derive a contradiction
[2025-08-22 14:42:59] [ERROR] Exception in generate_refinements: No module named 'prompts'
[2025-08-22 14:42:59] [NRPA] Using default refinement due to error: ['Refinement of: Proof by Contradiction: Assume the opposite of what we want to prove and derive a contradiction -> Refinement of: Proof by Contradiction: Assume the opposite of what we want to prove and derive a contradiction']
[2025-08-22 14:42:59] [NRPA] Generating refinements for prefix: Proof by Contradiction: Assume the opposite of what we want to prove and derive a contradiction -> Refinement of: Proof by Contradiction: Assume the opposite of what we want to prove and derive a contradiction -> Refinement of: Proof by Contradiction: Assume the opposite of what we want to prove and derive a contradiction -> Refinement of: Proof by Contradiction: Assume the opposite of what we want to prove and derive a contradiction
[2025-08-22 14:42:59] [ERROR] Exception in generate_refinements: No module named 'prompts'
[2025-08-22 14:42:59] [NRPA] Using default refinement due to error: ['Refinement of: Proof by Contradiction: Assume the opposite of what we want to prove and derive a contradiction -> Refinement of: Proof by Contradiction: Assume the opposite of what we want to prove and derive a contradiction']
[2025-08-22 14:42:59] [NRPA] Running strategic simulation for path: Proof by Contradiction: Assume the opposite of what we want to prove and derive a contradiction -> Refinement of: Proof by Contradiction: Assume the opposite of what we want to prove and derive a contradiction -> Refinement of: Proof by Contradiction: Assume the opposite of what we want to prove and derive a contradiction -> Refinement of: Proof by Contradiction: Assume the opposite of what we want to prove and derive a contradiction -> Refinement of: Proof by Contradiction: Assume the opposite of what we want to prove and derive a contradiction -> Refinement of: Proof by Contradiction: Assume the opposite of what we want to prove and derive a contradiction
[2025-08-22 14:42:59] [TRACE] ERROR rollout -> ModuleNotFoundError: No module named 'prompts' (0.00ms)
[2025-08-22 14:42:59] [TRACE] ERROR init_explorations -> ModuleNotFoundError: No module named 'prompts' (8.02ms)
[2025-08-22 14:42:59] [MAIN] >>>>>>> Error in run 0: No module named 'prompts'
[2025-08-22 14:42:59] 

[MAIN] >>>>>>>>>>>>>>>>>>>>>>>>>> Run 1 of 10 ...
[2025-08-22 14:42:59] [TRACE] ENTER initialize_scratchpad(arg0=*** Problem Statement ***

A line in the plane ...)
[2025-08-22 14:42:59] [TRACE] EXIT initialize_scratchpad -> --- WORKING THEORY SCRATCHPAD ---
**Problem Statement:** *** Problem Statement ***

A line in the plane is called *sunny* if it is not parallel to any of the $x$-axis, the $y$-axis, and the line $x... (0.00ms)
[2025-08-22 14:42:59] [TRACE] ENTER init_explorations(arg0=*** Problem Statement ***

A line in the plane ..., arg1=True, arg2=[], arg3=<__main__.BacktrackingManager object at 0x1023b..., arg4=<__main__.TelemetrySystem object at 0x101c62540>)
[2025-08-22 14:42:59] [TRACE] ENTER initialize_scratchpad(arg0=*** Problem Statement ***

A line in the plane ...)
[2025-08-22 14:42:59] [TRACE] EXIT initialize_scratchpad -> --- WORKING THEORY SCRATCHPAD ---
**Problem Statement:** *** Problem Statement ***

A line in the plane is called *sunny* if it is not parallel to any of the $x$-axis, the $y$-axis, and the line $x... (0.00ms)
[2025-08-22 14:42:59] [NRPA] Starting Strategist with NRPA Strategy Search...
[2025-08-22 14:42:59] [TRACE] ENTER enumerate_initial_strategies(arg0=*** Problem Statement ***

A line in the plane ..., arg1=[])
[2025-08-22 14:42:59] [ERROR] Exception in enumerate_initial_strategies (attempt 1): No module named 'prompts'
[2025-08-22 14:42:59] [NRPA] Invalid/empty strategist response, re-asking (attempt 1/5)
[2025-08-22 14:43:01] [ERROR] Exception in enumerate_initial_strategies (attempt 2): No module named 'prompts'
[2025-08-22 14:43:01] [NRPA] Invalid/empty strategist response, re-asking (attempt 2/5)
[2025-08-22 14:43:03] [ERROR] Exception in enumerate_initial_strategies (attempt 3): No module named 'prompts'
[2025-08-22 14:43:03] [NRPA] Invalid/empty strategist response, re-asking (attempt 3/5)
[2025-08-22 14:43:05] [ERROR] Exception in enumerate_initial_strategies (attempt 4): No module named 'prompts'
[2025-08-22 14:43:05] [NRPA] Invalid/empty strategist response, re-asking (attempt 4/5)
[2025-08-22 14:43:07] [ERROR] Exception in enumerate_initial_strategies (attempt 5): No module named 'prompts'
[2025-08-22 14:43:07] [NRPA] All re-asking attempts failed, using default strategies
[2025-08-22 14:43:07] [NRPA] No valid strategies parsed, using default strategies:
[2025-08-22 14:43:07]  - Direct Approach: Solve the problem directly using standard techniques and known theorems
[2025-08-22 14:43:07]  - Case Analysis: Break the problem into manageable cases based on key parameters
[2025-08-22 14:43:07]  - Proof by Contradiction: Assume the opposite of what we want to prove and derive a contradiction
[2025-08-22 14:43:07]  - Constructive Proof: Build explicit examples or constructions to demonstrate the solution exists
[2025-08-22 14:43:07]  - Induction: Use mathematical induction if the problem involves natural numbers or recursive structures
[2025-08-22 14:43:07] [TRACE] EXIT enumerate_initial_strategies -> ['Direct Approach: Solve the problem directly using standard techniques and known theorems', 'Case Analysis: Break the problem into manageable cases based on key parameters', 'Proof by Contradictio... (8.02ms)
[2025-08-22 14:43:07] [NRPA] Starting search: L=2, N=60, Alpha=1.0, MaxDepth=4, Temp=1.0
[2025-08-22 14:43:07] [TRACE] ENTER rollout(arg0=<IMO25.code.nrpa.PolicyManager object at 0x1025..., arg1=['Direct Approach: Solve the problem directly u..., arg2=<function NRPAStrategySelector.select_strategy...., arg3=<function NRPAStrateg...)
[2025-08-22 14:43:07] [NRPA] Generating refinements for prefix: Proof by Contradiction: Assume the opposite of what we want to prove and derive a contradiction
[2025-08-22 14:43:07] [ERROR] Exception in generate_refinements: No module named 'prompts'
[2025-08-22 14:43:07] [NRPA] Using default refinement due to error: ['Refinement of: Proof by Contradiction: Assume the opposite of what we want to prove and derive a contradiction']
[2025-08-22 14:43:07] [NRPA] Generating refinements for prefix: Proof by Contradiction: Assume the opposite of what we want to prove and derive a contradiction -> Refinement of: Proof by Contradiction: Assume the opposite of what we want to prove and derive a contradiction
[2025-08-22 14:43:07] [ERROR] Exception in generate_refinements: No module named 'prompts'
[2025-08-22 14:43:07] [NRPA] Using default refinement due to error: ['Refinement of: Proof by Contradiction: Assume the opposite of what we want to prove and derive a contradiction -> Refinement of: Proof by Contradiction: Assume the opposite of what we want to prove and derive a contradiction']
[2025-08-22 14:43:07] [NRPA] Generating refinements for prefix: Proof by Contradiction: Assume the opposite of what we want to prove and derive a contradiction -> Refinement of: Proof by Contradiction: Assume the opposite of what we want to prove and derive a contradiction -> Refinement of: Proof by Contradiction: Assume the opposite of what we want to prove and derive a contradiction -> Refinement of: Proof by Contradiction: Assume the opposite of what we want to prove and derive a contradiction
[2025-08-22 14:43:07] [ERROR] Exception in generate_refinements: No module named 'prompts'
[2025-08-22 14:43:07] [NRPA] Using default refinement due to error: ['Refinement of: Proof by Contradiction: Assume the opposite of what we want to prove and derive a contradiction -> Refinement of: Proof by Contradiction: Assume the opposite of what we want to prove and derive a contradiction']
[2025-08-22 14:43:07] [NRPA] Running strategic simulation for path: Proof by Contradiction: Assume the opposite of what we want to prove and derive a contradiction -> Refinement of: Proof by Contradiction: Assume the opposite of what we want to prove and derive a contradiction -> Refinement of: Proof by Contradiction: Assume the opposite of what we want to prove and derive a contradiction -> Refinement of: Proof by Contradiction: Assume the opposite of what we want to prove and derive a contradiction -> Refinement of: Proof by Contradiction: Assume the opposite of what we want to prove and derive a contradiction -> Refinement of: Proof by Contradiction: Assume the opposite of what we want to prove and derive a contradiction
[2025-08-22 14:43:07] [TRACE] ERROR rollout -> ModuleNotFoundError: No module named 'prompts' (0.00ms)
[2025-08-22 14:43:07] [TRACE] ERROR init_explorations -> ModuleNotFoundError: No module named 'prompts' (8.02ms)
[2025-08-22 14:43:07] [MAIN] >>>>>>> Error in run 1: No module named 'prompts'
[2025-08-22 14:43:07] 

[MAIN] >>>>>>>>>>>>>>>>>>>>>>>>>> Run 2 of 10 ...
[2025-08-22 14:43:07] [TRACE] ENTER initialize_scratchpad(arg0=*** Problem Statement ***

A line in the plane ...)
[2025-08-22 14:43:07] [TRACE] EXIT initialize_scratchpad -> --- WORKING THEORY SCRATCHPAD ---
**Problem Statement:** *** Problem Statement ***

A line in the plane is called *sunny* if it is not parallel to any of the $x$-axis, the $y$-axis, and the line $x... (0.00ms)
[2025-08-22 14:43:07] [TRACE] ENTER init_explorations(arg0=*** Problem Statement ***

A line in the plane ..., arg1=True, arg2=[], arg3=<__main__.BacktrackingManager object at 0x101c6..., arg4=<__main__.TelemetrySystem object at 0x1023bb1a0>)
[2025-08-22 14:43:07] [TRACE] ENTER initialize_scratchpad(arg0=*** Problem Statement ***

A line in the plane ...)
[2025-08-22 14:43:07] [TRACE] EXIT initialize_scratchpad -> --- WORKING THEORY SCRATCHPAD ---
**Problem Statement:** *** Problem Statement ***

A line in the plane is called *sunny* if it is not parallel to any of the $x$-axis, the $y$-axis, and the line $x... (0.00ms)
[2025-08-22 14:43:07] [NRPA] Starting Strategist with NRPA Strategy Search...
[2025-08-22 14:43:07] [TRACE] ENTER enumerate_initial_strategies(arg0=*** Problem Statement ***

A line in the plane ..., arg1=[])
[2025-08-22 14:43:07] [ERROR] Exception in enumerate_initial_strategies (attempt 1): No module named 'prompts'
[2025-08-22 14:43:07] [NRPA] Invalid/empty strategist response, re-asking (attempt 1/5)
[2025-08-22 14:43:09] [ERROR] Exception in enumerate_initial_strategies (attempt 2): No module named 'prompts'
[2025-08-22 14:43:09] [NRPA] Invalid/empty strategist response, re-asking (attempt 2/5)
[2025-08-22 14:43:11] [ERROR] Exception in enumerate_initial_strategies (attempt 3): No module named 'prompts'
[2025-08-22 14:43:11] [NRPA] Invalid/empty strategist response, re-asking (attempt 3/5)
[2025-08-22 14:43:13] [ERROR] Exception in enumerate_initial_strategies (attempt 4): No module named 'prompts'
[2025-08-22 14:43:13] [NRPA] Invalid/empty strategist response, re-asking (attempt 4/5)
[2025-08-22 14:43:15] [ERROR] Exception in enumerate_initial_strategies (attempt 5): No module named 'prompts'
[2025-08-22 14:43:15] [NRPA] All re-asking attempts failed, using default strategies
[2025-08-22 14:43:15] [NRPA] No valid strategies parsed, using default strategies:
[2025-08-22 14:43:15]  - Direct Approach: Solve the problem directly using standard techniques and known theorems
[2025-08-22 14:43:15]  - Case Analysis: Break the problem into manageable cases based on key parameters
[2025-08-22 14:43:15]  - Proof by Contradiction: Assume the opposite of what we want to prove and derive a contradiction
[2025-08-22 14:43:15]  - Constructive Proof: Build explicit examples or constructions to demonstrate the solution exists
[2025-08-22 14:43:15]  - Induction: Use mathematical induction if the problem involves natural numbers or recursive structures
[2025-08-22 14:43:15] [TRACE] EXIT enumerate_initial_strategies -> ['Direct Approach: Solve the problem directly using standard techniques and known theorems', 'Case Analysis: Break the problem into manageable cases based on key parameters', 'Proof by Contradictio... (8.01ms)
[2025-08-22 14:43:15] [NRPA] Starting search: L=2, N=60, Alpha=1.0, MaxDepth=4, Temp=1.0
[2025-08-22 14:43:15] [TRACE] ENTER rollout(arg0=<IMO25.code.nrpa.PolicyManager object at 0x1025..., arg1=['Direct Approach: Solve the problem directly u..., arg2=<function NRPAStrategySelector.select_strategy...., arg3=<function NRPAStrateg...)
[2025-08-22 14:43:15] [NRPA] Generating refinements for prefix: Induction: Use mathematical induction if the problem involves natural numbers or recursive structures
[2025-08-22 14:43:15] [ERROR] Exception in generate_refinements: No module named 'prompts'
[2025-08-22 14:43:15] [NRPA] Using default refinement due to error: ['Refinement of: Induction: Use mathematical induction if the problem involves natural numbers or recursive structures']
[2025-08-22 14:43:15] [NRPA] Generating refinements for prefix: Induction: Use mathematical induction if the problem involves natural numbers or recursive structures -> Refinement of: Induction: Use mathematical induction if the problem involves natural numbers or recursive structures
[2025-08-22 14:43:15] [ERROR] Exception in generate_refinements: No module named 'prompts'
[2025-08-22 14:43:15] [NRPA] Using default refinement due to error: ['Refinement of: Induction: Use mathematical induction if the problem involves natural numbers or recursive structures -> Refinement of: Induction: Use mathematical induction if the problem involves natural numbers or recursive structures']
[2025-08-22 14:43:15] [NRPA] Generating refinements for prefix: Induction: Use mathematical induction if the problem involves natural numbers or recursive structures -> Refinement of: Induction: Use mathematical induction if the problem involves natural numbers or recursive structures -> Refinement of: Induction: Use mathematical induction if the problem involves natural numbers or recursive structures -> Refinement of: Induction: Use mathematical induction if the problem involves natural numbers or recursive structures
[2025-08-22 14:43:15] [ERROR] Exception in generate_refinements: No module named 'prompts'
[2025-08-22 14:43:15] [NRPA] Using default refinement due to error: ['Refinement of: Induction: Use mathematical induction if the problem involves natural numbers or recursive structures -> Refinement of: Induction: Use mathematical induction if the problem involves natural numbers or recursive structures']
[2025-08-22 14:43:15] [NRPA] Running strategic simulation for path: Induction: Use mathematical induction if the problem involves natural numbers or recursive structures -> Refinement of: Induction: Use mathematical induction if the problem involves natural numbers or recursive structures -> Refinement of: Induction: Use mathematical induction if the problem involves natural numbers or recursive structures -> Refinement of: Induction: Use mathematical induction if the problem involves natural numbers or recursive structures -> Refinement of: Induction: Use mathematical induction if the problem involves natural numbers or recursive structures -> Refinement of: Induction: Use mathematical induction if the problem involves natural numbers or recursive structures
[2025-08-22 14:43:15] [TRACE] ERROR rollout -> ModuleNotFoundError: No module named 'prompts' (0.00ms)
[2025-08-22 14:43:15] [TRACE] ERROR init_explorations -> ModuleNotFoundError: No module named 'prompts' (8.02ms)
[2025-08-22 14:43:15] [MAIN] >>>>>>> Error in run 2: No module named 'prompts'
[2025-08-22 14:43:15] 

[MAIN] >>>>>>>>>>>>>>>>>>>>>>>>>> Run 3 of 10 ...
[2025-08-22 14:43:15] [TRACE] ENTER initialize_scratchpad(arg0=*** Problem Statement ***

A line in the plane ...)
[2025-08-22 14:43:15] [TRACE] EXIT initialize_scratchpad -> --- WORKING THEORY SCRATCHPAD ---
**Problem Statement:** *** Problem Statement ***

A line in the plane is called *sunny* if it is not parallel to any of the $x$-axis, the $y$-axis, and the line $x... (0.00ms)
[2025-08-22 14:43:15] [TRACE] ENTER init_explorations(arg0=*** Problem Statement ***

A line in the plane ..., arg1=True, arg2=[], arg3=<__main__.BacktrackingManager object at 0x1011f..., arg4=<__main__.TelemetrySystem object at 0x1023bb1a0>)
[2025-08-22 14:43:15] [TRACE] ENTER initialize_scratchpad(arg0=*** Problem Statement ***

A line in the plane ...)
[2025-08-22 14:43:15] [TRACE] EXIT initialize_scratchpad -> --- WORKING THEORY SCRATCHPAD ---
**Problem Statement:** *** Problem Statement ***

A line in the plane is called *sunny* if it is not parallel to any of the $x$-axis, the $y$-axis, and the line $x... (0.00ms)
[2025-08-22 14:43:15] [NRPA] Starting Strategist with NRPA Strategy Search...
[2025-08-22 14:43:15] [TRACE] ENTER enumerate_initial_strategies(arg0=*** Problem Statement ***

A line in the plane ..., arg1=[])
[2025-08-22 14:43:15] [ERROR] Exception in enumerate_initial_strategies (attempt 1): No module named 'prompts'
[2025-08-22 14:43:15] [NRPA] Invalid/empty strategist response, re-asking (attempt 1/5)
[2025-08-22 14:43:17] [ERROR] Exception in enumerate_initial_strategies (attempt 2): No module named 'prompts'
[2025-08-22 14:43:17] [NRPA] Invalid/empty strategist response, re-asking (attempt 2/5)
[2025-08-22 14:43:19] [ERROR] Exception in enumerate_initial_strategies (attempt 3): No module named 'prompts'
[2025-08-22 14:43:19] [NRPA] Invalid/empty strategist response, re-asking (attempt 3/5)
[2025-08-22 14:43:21] [ERROR] Exception in enumerate_initial_strategies (attempt 4): No module named 'prompts'
[2025-08-22 14:43:21] [NRPA] Invalid/empty strategist response, re-asking (attempt 4/5)
[2025-08-22 14:43:23] [ERROR] Exception in enumerate_initial_strategies (attempt 5): No module named 'prompts'
[2025-08-22 14:43:23] [NRPA] All re-asking attempts failed, using default strategies
[2025-08-22 14:43:23] [NRPA] No valid strategies parsed, using default strategies:
[2025-08-22 14:43:23]  - Direct Approach: Solve the problem directly using standard techniques and known theorems
[2025-08-22 14:43:23]  - Case Analysis: Break the problem into manageable cases based on key parameters
[2025-08-22 14:43:23]  - Proof by Contradiction: Assume the opposite of what we want to prove and derive a contradiction
[2025-08-22 14:43:23]  - Constructive Proof: Build explicit examples or constructions to demonstrate the solution exists
[2025-08-22 14:43:23]  - Induction: Use mathematical induction if the problem involves natural numbers or recursive structures
[2025-08-22 14:43:23] [TRACE] EXIT enumerate_initial_strategies -> ['Direct Approach: Solve the problem directly using standard techniques and known theorems', 'Case Analysis: Break the problem into manageable cases based on key parameters', 'Proof by Contradictio... (8.02ms)
[2025-08-22 14:43:23] [NRPA] Starting search: L=2, N=60, Alpha=1.0, MaxDepth=4, Temp=1.0
[2025-08-22 14:43:23] [TRACE] ENTER rollout(arg0=<IMO25.code.nrpa.PolicyManager object at 0x1025..., arg1=['Direct Approach: Solve the problem directly u..., arg2=<function NRPAStrategySelector.select_strategy...., arg3=<function NRPAStrateg...)
[2025-08-22 14:43:23] [NRPA] Generating refinements for prefix: Direct Approach: Solve the problem directly using standard techniques and known theorems
[2025-08-22 14:43:23] [ERROR] Exception in generate_refinements: No module named 'prompts'
[2025-08-22 14:43:23] [NRPA] Using default refinement due to error: ['Refinement of: Direct Approach: Solve the problem directly using standard techniques and known theorems']
[2025-08-22 14:43:23] [NRPA] Generating refinements for prefix: Direct Approach: Solve the problem directly using standard techniques and known theorems -> Refinement of: Direct Approach: Solve the problem directly using standard techniques and known theorems
[2025-08-22 14:43:23] [ERROR] Exception in generate_refinements: No module named 'prompts'
[2025-08-22 14:43:23] [NRPA] Using default refinement due to error: ['Refinement of: Direct Approach: Solve the problem directly using standard techniques and known theorems -> Refinement of: Direct Approach: Solve the problem directly using standard techniques and known theorems']
[2025-08-22 14:43:23] [NRPA] Generating refinements for prefix: Direct Approach: Solve the problem directly using standard techniques and known theorems -> Refinement of: Direct Approach: Solve the problem directly using standard techniques and known theorems -> Refinement of: Direct Approach: Solve the problem directly using standard techniques and known theorems -> Refinement of: Direct Approach: Solve the problem directly using standard techniques and known theorems
[2025-08-22 14:43:23] [ERROR] Exception in generate_refinements: No module named 'prompts'
[2025-08-22 14:43:23] [NRPA] Using default refinement due to error: ['Refinement of: Direct Approach: Solve the problem directly using standard techniques and known theorems -> Refinement of: Direct Approach: Solve the problem directly using standard techniques and known theorems']
[2025-08-22 14:43:23] [NRPA] Running strategic simulation for path: Direct Approach: Solve the problem directly using standard techniques and known theorems -> Refinement of: Direct Approach: Solve the problem directly using standard techniques and known theorems -> Refinement of: Direct Approach: Solve the problem directly using standard techniques and known theorems -> Refinement of: Direct Approach: Solve the problem directly using standard techniques and known theorems -> Refinement of: Direct Approach: Solve the problem directly using standard techniques and known theorems -> Refinement of: Direct Approach: Solve the problem directly using standard techniques and known theorems
[2025-08-22 14:43:23] [TRACE] ERROR rollout -> ModuleNotFoundError: No module named 'prompts' (0.00ms)
[2025-08-22 14:43:23] [TRACE] ERROR init_explorations -> ModuleNotFoundError: No module named 'prompts' (8.02ms)
[2025-08-22 14:43:23] [MAIN] >>>>>>> Error in run 3: No module named 'prompts'
[2025-08-22 14:43:23] 

[MAIN] >>>>>>>>>>>>>>>>>>>>>>>>>> Run 4 of 10 ...
[2025-08-22 14:43:23] [TRACE] ENTER initialize_scratchpad(arg0=*** Problem Statement ***

A line in the plane ...)
[2025-08-22 14:43:23] [TRACE] EXIT initialize_scratchpad -> --- WORKING THEORY SCRATCHPAD ---
**Problem Statement:** *** Problem Statement ***

A line in the plane is called *sunny* if it is not parallel to any of the $x$-axis, the $y$-axis, and the line $x... (0.00ms)
[2025-08-22 14:43:23] [TRACE] ENTER init_explorations(arg0=*** Problem Statement ***

A line in the plane ..., arg1=True, arg2=[], arg3=<__main__.BacktrackingManager object at 0x1023b..., arg4=<__main__.TelemetrySystem object at 0x1011fffb0>)
[2025-08-22 14:43:23] [TRACE] ENTER initialize_scratchpad(arg0=*** Problem Statement ***

A line in the plane ...)
[2025-08-22 14:43:23] [TRACE] EXIT initialize_scratchpad -> --- WORKING THEORY SCRATCHPAD ---
**Problem Statement:** *** Problem Statement ***

A line in the plane is called *sunny* if it is not parallel to any of the $x$-axis, the $y$-axis, and the line $x... (0.00ms)
[2025-08-22 14:43:23] [NRPA] Starting Strategist with NRPA Strategy Search...
[2025-08-22 14:43:23] [TRACE] ENTER enumerate_initial_strategies(arg0=*** Problem Statement ***

A line in the plane ..., arg1=[])
[2025-08-22 14:43:23] [ERROR] Exception in enumerate_initial_strategies (attempt 1): No module named 'prompts'
[2025-08-22 14:43:23] [NRPA] Invalid/empty strategist response, re-asking (attempt 1/5)
[2025-08-22 14:43:25] [ERROR] Exception in enumerate_initial_strategies (attempt 2): No module named 'prompts'
[2025-08-22 14:43:25] [NRPA] Invalid/empty strategist response, re-asking (attempt 2/5)
[2025-08-22 14:43:27] [ERROR] Exception in enumerate_initial_strategies (attempt 3): No module named 'prompts'
[2025-08-22 14:43:27] [NRPA] Invalid/empty strategist response, re-asking (attempt 3/5)
[2025-08-22 14:43:29] [ERROR] Exception in enumerate_initial_strategies (attempt 4): No module named 'prompts'
[2025-08-22 14:43:29] [TRACE] ERROR enumerate_initial_strategies -> BrokenPipeError: [Errno 32] Broken pipe (6.02ms)
[2025-08-22 14:43:29] [TRACE] ERROR init_explorations -> BrokenPipeError: [Errno 32] Broken pipe (6.02ms)
[2025-08-22 14:43:29] [MAIN] >>>>>>> Error in run 4: [Errno 32] Broken pipe
[2025-08-22 14:43:29] 

[MAIN] >>>>>>>>>>>>>>>>>>>>>>>>>> Run 5 of 10 ...
[2025-08-22 14:43:29] [TRACE] ENTER initialize_scratchpad(arg0=*** Problem Statement ***

A line in the plane ...)
[2025-08-22 14:43:29] [TRACE] EXIT initialize_scratchpad -> --- WORKING THEORY SCRATCHPAD ---
**Problem Statement:** *** Problem Statement ***

A line in the plane is called *sunny* if it is not parallel to any of the $x$-axis, the $y$-axis, and the line $x... (0.00ms)
[2025-08-22 14:43:29] [TRACE] ENTER init_explorations(arg0=*** Problem Statement ***

A line in the plane ..., arg1=True, arg2=[], arg3=<__main__.BacktrackingManager object at 0x1011f..., arg4=<__main__.TelemetrySystem object at 0x1023bb1a0>)
[2025-08-22 14:43:29] [TRACE] ENTER initialize_scratchpad(arg0=*** Problem Statement ***

A line in the plane ...)
[2025-08-22 14:43:29] [TRACE] EXIT initialize_scratchpad -> --- WORKING THEORY SCRATCHPAD ---
**Problem Statement:** *** Problem Statement ***

A line in the plane is called *sunny* if it is not parallel to any of the $x$-axis, the $y$-axis, and the line $x... (0.00ms)
[2025-08-22 14:43:29] [NRPA] Starting Strategist with NRPA Strategy Search...
[2025-08-22 14:43:29] [TRACE] ENTER enumerate_initial_strategies(arg0=*** Problem Statement ***

A line in the plane ..., arg1=[])
[2025-08-22 14:43:29] [ERROR] Exception in enumerate_initial_strategies (attempt 1): No module named 'prompts'
[2025-08-22 14:43:29] [TRACE] ERROR enumerate_initial_strategies -> BrokenPipeError: [Errno 32] Broken pipe (0.00ms)
[2025-08-22 14:43:29] [TRACE] ERROR init_explorations -> BrokenPipeError: [Errno 32] Broken pipe (0.00ms)
[2025-08-22 14:43:29] [MAIN] >>>>>>> Error in run 5: [Errno 32] Broken pipe
[2025-08-22 14:43:29] 

[MAIN] >>>>>>>>>>>>>>>>>>>>>>>>>> Run 6 of 10 ...
[2025-08-22 14:43:29] [TRACE] ENTER initialize_scratchpad(arg0=*** Problem Statement ***

A line in the plane ...)
[2025-08-22 14:43:29] [TRACE] EXIT initialize_scratchpad -> --- WORKING THEORY SCRATCHPAD ---
**Problem Statement:** *** Problem Statement ***

A line in the plane is called *sunny* if it is not parallel to any of the $x$-axis, the $y$-axis, and the line $x... (0.00ms)
[2025-08-22 14:43:29] [TRACE] ENTER init_explorations(arg0=*** Problem Statement ***

A line in the plane ..., arg1=True, arg2=[], arg3=<__main__.BacktrackingManager object at 0x1023b..., arg4=<__main__.TelemetrySystem object at 0x1011fffb0>)
[2025-08-22 14:43:29] [TRACE] ENTER initialize_scratchpad(arg0=*** Problem Statement ***

A line in the plane ...)
[2025-08-22 14:43:29] [TRACE] EXIT initialize_scratchpad -> --- WORKING THEORY SCRATCHPAD ---
**Problem Statement:** *** Problem Statement ***

A line in the plane is called *sunny* if it is not parallel to any of the $x$-axis, the $y$-axis, and the line $x... (0.00ms)
[2025-08-22 14:43:29] [NRPA] Starting Strategist with NRPA Strategy Search...
[2025-08-22 14:43:29] [TRACE] ENTER enumerate_initial_strategies(arg0=*** Problem Statement ***

A line in the plane ..., arg1=[])
[2025-08-22 14:43:29] [ERROR] Exception in enumerate_initial_strategies (attempt 1): No module named 'prompts'
[2025-08-22 14:43:29] [TRACE] ERROR enumerate_initial_strategies -> BrokenPipeError: [Errno 32] Broken pipe (0.00ms)
[2025-08-22 14:43:29] [TRACE] ERROR init_explorations -> BrokenPipeError: [Errno 32] Broken pipe (0.00ms)
[2025-08-22 14:43:29] [MAIN] >>>>>>> Error in run 6: [Errno 32] Broken pipe
[2025-08-22 14:43:29] 

[MAIN] >>>>>>>>>>>>>>>>>>>>>>>>>> Run 7 of 10 ...
[2025-08-22 14:43:29] [TRACE] ENTER initialize_scratchpad(arg0=*** Problem Statement ***

A line in the plane ...)
[2025-08-22 14:43:29] [TRACE] EXIT initialize_scratchpad -> --- WORKING THEORY SCRATCHPAD ---
**Problem Statement:** *** Problem Statement ***

A line in the plane is called *sunny* if it is not parallel to any of the $x$-axis, the $y$-axis, and the line $x... (0.00ms)
[2025-08-22 14:43:29] [TRACE] ENTER init_explorations(arg0=*** Problem Statement ***

A line in the plane ..., arg1=True, arg2=[], arg3=<__main__.BacktrackingManager object at 0x1011f..., arg4=<__main__.TelemetrySystem object at 0x1023bb1a0>)
[2025-08-22 14:43:29] [TRACE] ENTER initialize_scratchpad(arg0=*** Problem Statement ***

A line in the plane ...)
[2025-08-22 14:43:29] [TRACE] EXIT initialize_scratchpad -> --- WORKING THEORY SCRATCHPAD ---
**Problem Statement:** *** Problem Statement ***

A line in the plane is called *sunny* if it is not parallel to any of the $x$-axis, the $y$-axis, and the line $x... (0.00ms)
[2025-08-22 14:43:29] [NRPA] Starting Strategist with NRPA Strategy Search...
[2025-08-22 14:43:29] [TRACE] ENTER enumerate_initial_strategies(arg0=*** Problem Statement ***

A line in the plane ..., arg1=[])
[2025-08-22 14:43:29] [ERROR] Exception in enumerate_initial_strategies (attempt 1): No module named 'prompts'
[2025-08-22 14:43:29] [TRACE] ERROR enumerate_initial_strategies -> BrokenPipeError: [Errno 32] Broken pipe (0.00ms)
[2025-08-22 14:43:29] [TRACE] ERROR init_explorations -> BrokenPipeError: [Errno 32] Broken pipe (0.00ms)
[2025-08-22 14:43:29] [MAIN] >>>>>>> Error in run 7: [Errno 32] Broken pipe
[2025-08-22 14:43:29] 

[MAIN] >>>>>>>>>>>>>>>>>>>>>>>>>> Run 8 of 10 ...
[2025-08-22 14:43:29] [TRACE] ENTER initialize_scratchpad(arg0=*** Problem Statement ***

A line in the plane ...)
[2025-08-22 14:43:29] [TRACE] EXIT initialize_scratchpad -> --- WORKING THEORY SCRATCHPAD ---
**Problem Statement:** *** Problem Statement ***

A line in the plane is called *sunny* if it is not parallel to any of the $x$-axis, the $y$-axis, and the line $x... (0.00ms)
[2025-08-22 14:43:29] [TRACE] ENTER init_explorations(arg0=*** Problem Statement ***

A line in the plane ..., arg1=True, arg2=[], arg3=<__main__.BacktrackingManager object at 0x1023b..., arg4=<__main__.TelemetrySystem object at 0x1011fffb0>)
[2025-08-22 14:43:29] [TRACE] ENTER initialize_scratchpad(arg0=*** Problem Statement ***

A line in the plane ...)
[2025-08-22 14:43:29] [TRACE] EXIT initialize_scratchpad -> --- WORKING THEORY SCRATCHPAD ---
**Problem Statement:** *** Problem Statement ***

A line in the plane is called *sunny* if it is not parallel to any of the $x$-axis, the $y$-axis, and the line $x... (0.00ms)
[2025-08-22 14:43:29] [NRPA] Starting Strategist with NRPA Strategy Search...
[2025-08-22 14:43:29] [TRACE] ENTER enumerate_initial_strategies(arg0=*** Problem Statement ***

A line in the plane ..., arg1=[])
[2025-08-22 14:43:29] [ERROR] Exception in enumerate_initial_strategies (attempt 1): No module named 'prompts'
[2025-08-22 14:43:29] [TRACE] ERROR enumerate_initial_strategies -> BrokenPipeError: [Errno 32] Broken pipe (0.00ms)
[2025-08-22 14:43:29] [TRACE] ERROR init_explorations -> BrokenPipeError: [Errno 32] Broken pipe (0.00ms)
[2025-08-22 14:43:29] [MAIN] >>>>>>> Error in run 8: [Errno 32] Broken pipe
[2025-08-22 14:43:29] 

[MAIN] >>>>>>>>>>>>>>>>>>>>>>>>>> Run 9 of 10 ...
[2025-08-22 14:43:29] [TRACE] ENTER initialize_scratchpad(arg0=*** Problem Statement ***

A line in the plane ...)
[2025-08-22 14:43:29] [TRACE] EXIT initialize_scratchpad -> --- WORKING THEORY SCRATCHPAD ---
**Problem Statement:** *** Problem Statement ***

A line in the plane is called *sunny* if it is not parallel to any of the $x$-axis, the $y$-axis, and the line $x... (0.00ms)
[2025-08-22 14:43:29] [TRACE] ENTER init_explorations(arg0=*** Problem Statement ***

A line in the plane ..., arg1=True, arg2=[], arg3=<__main__.BacktrackingManager object at 0x1011f..., arg4=<__main__.TelemetrySystem object at 0x1023bb1a0>)
[2025-08-22 14:43:29] [TRACE] ENTER initialize_scratchpad(arg0=*** Problem Statement ***

A line in the plane ...)
[2025-08-22 14:43:29] [TRACE] EXIT initialize_scratchpad -> --- WORKING THEORY SCRATCHPAD ---
**Problem Statement:** *** Problem Statement ***

A line in the plane is called *sunny* if it is not parallel to any of the $x$-axis, the $y$-axis, and the line $x... (0.00ms)
[2025-08-22 14:43:29] [NRPA] Starting Strategist with NRPA Strategy Search...
[2025-08-22 14:43:29] [TRACE] ENTER enumerate_initial_strategies(arg0=*** Problem Statement ***

A line in the plane ..., arg1=[])
[2025-08-22 14:43:29] [ERROR] Exception in enumerate_initial_strategies (attempt 1): No module named 'prompts'
[2025-08-22 14:43:29] [TRACE] ERROR enumerate_initial_strategies -> BrokenPipeError: [Errno 32] Broken pipe (0.00ms)
[2025-08-22 14:43:29] [TRACE] ERROR init_explorations -> BrokenPipeError: [Errno 32] Broken pipe (0.00ms)
[2025-08-22 14:43:29] [MAIN] >>>>>>> Error in run 9: [Errno 32] Broken pipe
