[2025-08-30 03:23:19] [MAIN] Logging to file: /Users/mohammadsaad/Desktop/IMO Framework CEO Genius /logs/IMO39.log
[2025-08-30 03:23:19] 

[MAIN] >>>>>>>>>>>>>>>>>>>>>>>>>> Run 0 of 10 ...
[2025-08-30 03:23:19] [TRACE] ENTER initialize_scratchpad(arg0=*** Problem Statement ***

A line in the plane ...)
[2025-08-30 03:23:19] [TRACE] EXIT initialize_scratchpad -> --- WORKING THEORY SCRATCHPAD ---
**Problem Statement:** *** Problem Statement ***

A line in the plane is called *sunny* if it is not parallel to any of the $x$-axis, the $y$-axis, and the line $x... (0.00ms)
[2025-08-30 03:23:19] [TRACE] ENTER init_explorations(arg0=*** Problem Statement ***

A line in the plane ..., arg1=True, arg2=[], arg3=<__main__.BacktrackingManager object at 0x10448..., arg4=<__main__.TelemetrySystem object at 0x103cea090>)
[2025-08-30 03:23:19] [TRACE] ENTER initialize_scratchpad(arg0=*** Problem Statement ***

A line in the plane ...)
[2025-08-30 03:23:19] [TRACE] EXIT initialize_scratchpad -> --- WORKING THEORY SCRATCHPAD ---
**Problem Statement:** *** Problem Statement ***

A line in the plane is called *sunny* if it is not parallel to any of the $x$-axis, the $y$-axis, and the line $x... (0.00ms)
[2025-08-30 03:23:19] [NRPA] Starting Strategist with NRPA Strategy Search...
[2025-08-30 03:23:19] [TRACE] ENTER enumerate_initial_strategies(arg0=*** Problem Statement ***

A line in the plane ..., arg1=[])
[2025-08-30 03:23:19] [ERROR] Exception in enumerate_initial_strategies (attempt 1): No module named 'prompts'
[2025-08-30 03:23:19] [NRPA] Invalid/empty strategist response, re-asking (attempt 1/5)
[2025-08-30 03:23:21] [ERROR] Exception in enumerate_initial_strategies (attempt 2): No module named 'prompts'
[2025-08-30 03:23:21] [NRPA] Invalid/empty strategist response, re-asking (attempt 2/5)
[2025-08-30 03:23:23] [ERROR] Exception in enumerate_initial_strategies (attempt 3): No module named 'prompts'
[2025-08-30 03:23:23] [NRPA] Invalid/empty strategist response, re-asking (attempt 3/5)
[2025-08-30 03:23:25] [ERROR] Exception in enumerate_initial_strategies (attempt 4): No module named 'prompts'
[2025-08-30 03:23:25] [NRPA] Invalid/empty strategist response, re-asking (attempt 4/5)
[2025-08-30 03:23:27] [ERROR] Exception in enumerate_initial_strategies (attempt 5): No module named 'prompts'
[2025-08-30 03:23:27] [NRPA] All re-asking attempts failed, using default strategies
[2025-08-30 03:23:27] [NRPA] No valid strategies parsed, using default strategies:
[2025-08-30 03:23:27]  - Direct Approach: Solve the problem directly using standard techniques and known theorems
[2025-08-30 03:23:27]  - Case Analysis: Break the problem into manageable cases based on key parameters
[2025-08-30 03:23:27]  - Proof by Contradiction: Assume the opposite of what we want to prove and derive a contradiction
[2025-08-30 03:23:27]  - Constructive Proof: Build explicit examples or constructions to demonstrate the solution exists
[2025-08-30 03:23:27]  - Induction: Use mathematical induction if the problem involves natural numbers or recursive structures
[2025-08-30 03:23:27] [TRACE] EXIT enumerate_initial_strategies -> ['Direct Approach: Solve the problem directly using standard techniques and known theorems', 'Case Analysis: Break the problem into manageable cases based on key parameters', 'Proof by Contradictio... (8.02ms)
[2025-08-30 03:23:27] [NRPA] Starting search: L=2, N=60, Alpha=1.0, MaxDepth=4, Temp=1.0
[2025-08-30 03:23:27] [TRACE] ENTER rollout(arg0=<IMO25.code.nrpa.PolicyManager object at 0x1046..., arg1=['Direct Approach: Solve the problem directly u..., arg2=<function NRPAStrategySelector.select_strategy...., arg3=<function NRPAStrateg...)
[2025-08-30 03:23:27] [NRPA] Generating refinements for prefix: Case Analysis: Break the problem into manageable cases based on key parameters
[2025-08-30 03:23:27] [ERROR] Exception in generate_refinements: No module named 'prompts'
[2025-08-30 03:23:27] [NRPA] Using default refinement due to error: ['Refinement of: Case Analysis: Break the problem into manageable cases based on key parameters']
[2025-08-30 03:23:27] [TRACE] ERROR rollout -> AttributeError: 'ExplorationMetaLearner' object has no attribute 'ExplorationState' (0.00ms)
[2025-08-30 03:23:27] [TRACE] ERROR init_explorations -> AttributeError: 'ExplorationMetaLearner' object has no attribute 'ExplorationState' (8.03ms)
[2025-08-30 03:23:27] [MAIN] >>>>>>> Error in run 0: 'ExplorationMetaLearner' object has no attribute 'ExplorationState'
[2025-08-30 03:23:27] 

[MAIN] >>>>>>>>>>>>>>>>>>>>>>>>>> Run 1 of 10 ...
[2025-08-30 03:23:27] [TRACE] ENTER initialize_scratchpad(arg0=*** Problem Statement ***

A line in the plane ...)
[2025-08-30 03:23:27] [TRACE] EXIT initialize_scratchpad -> --- WORKING THEORY SCRATCHPAD ---
**Problem Statement:** *** Problem Statement ***

A line in the plane is called *sunny* if it is not parallel to any of the $x$-axis, the $y$-axis, and the line $x... (0.00ms)
[2025-08-30 03:23:27] [TRACE] ENTER init_explorations(arg0=*** Problem Statement ***

A line in the plane ..., arg1=True, arg2=[], arg3=<__main__.BacktrackingManager object at 0x103ce..., arg4=<__main__.TelemetrySystem object at 0x104482c90>)
[2025-08-30 03:23:27] [TRACE] ENTER initialize_scratchpad(arg0=*** Problem Statement ***

A line in the plane ...)
[2025-08-30 03:23:27] [TRACE] EXIT initialize_scratchpad -> --- WORKING THEORY SCRATCHPAD ---
**Problem Statement:** *** Problem Statement ***

A line in the plane is called *sunny* if it is not parallel to any of the $x$-axis, the $y$-axis, and the line $x... (0.00ms)
[2025-08-30 03:23:27] [NRPA] Starting Strategist with NRPA Strategy Search...
[2025-08-30 03:23:27] [TRACE] ENTER enumerate_initial_strategies(arg0=*** Problem Statement ***

A line in the plane ..., arg1=[])
[2025-08-30 03:23:27] [ERROR] Exception in enumerate_initial_strategies (attempt 1): No module named 'prompts'
[2025-08-30 03:23:27] [NRPA] Invalid/empty strategist response, re-asking (attempt 1/5)
[2025-08-30 03:23:29] [ERROR] Exception in enumerate_initial_strategies (attempt 2): No module named 'prompts'
[2025-08-30 03:23:29] [NRPA] Invalid/empty strategist response, re-asking (attempt 2/5)
[2025-08-30 03:23:31] [ERROR] Exception in enumerate_initial_strategies (attempt 3): No module named 'prompts'
[2025-08-30 03:23:31] [NRPA] Invalid/empty strategist response, re-asking (attempt 3/5)
[2025-08-30 03:23:33] [ERROR] Exception in enumerate_initial_strategies (attempt 4): No module named 'prompts'
[2025-08-30 03:23:33] [NRPA] Invalid/empty strategist response, re-asking (attempt 4/5)
[2025-08-30 03:23:35] [ERROR] Exception in enumerate_initial_strategies (attempt 5): No module named 'prompts'
[2025-08-30 03:23:35] [NRPA] All re-asking attempts failed, using default strategies
[2025-08-30 03:23:35] [NRPA] No valid strategies parsed, using default strategies:
[2025-08-30 03:23:35]  - Direct Approach: Solve the problem directly using standard techniques and known theorems
[2025-08-30 03:23:35]  - Case Analysis: Break the problem into manageable cases based on key parameters
[2025-08-30 03:23:35]  - Proof by Contradiction: Assume the opposite of what we want to prove and derive a contradiction
[2025-08-30 03:23:35]  - Constructive Proof: Build explicit examples or constructions to demonstrate the solution exists
[2025-08-30 03:23:35]  - Induction: Use mathematical induction if the problem involves natural numbers or recursive structures
[2025-08-30 03:23:35] [TRACE] EXIT enumerate_initial_strategies -> ['Direct Approach: Solve the problem directly using standard techniques and known theorems', 'Case Analysis: Break the problem into manageable cases based on key parameters', 'Proof by Contradictio... (8.02ms)
[2025-08-30 03:23:35] [NRPA] Starting search: L=2, N=60, Alpha=1.0, MaxDepth=4, Temp=1.0
[2025-08-30 03:23:35] [TRACE] ENTER rollout(arg0=<IMO25.code.nrpa.PolicyManager object at 0x1046..., arg1=['Direct Approach: Solve the problem directly u..., arg2=<function NRPAStrategySelector.select_strategy...., arg3=<function NRPAStrateg...)
[2025-08-30 03:23:35] [NRPA] Generating refinements for prefix: Induction: Use mathematical induction if the problem involves natural numbers or recursive structures
[2025-08-30 03:23:35] [ERROR] Exception in generate_refinements: No module named 'prompts'
[2025-08-30 03:23:35] [NRPA] Using default refinement due to error: ['Refinement of: Induction: Use mathematical induction if the problem involves natural numbers or recursive structures']
[2025-08-30 03:23:35] [TRACE] ERROR rollout -> AttributeError: 'ExplorationMetaLearner' object has no attribute 'ExplorationState' (0.00ms)
[2025-08-30 03:23:35] [TRACE] ERROR init_explorations -> AttributeError: 'ExplorationMetaLearner' object has no attribute 'ExplorationState' (8.02ms)
[2025-08-30 03:23:35] [MAIN] >>>>>>> Error in run 1: 'ExplorationMetaLearner' object has no attribute 'ExplorationState'
[2025-08-30 03:23:35] 

[MAIN] >>>>>>>>>>>>>>>>>>>>>>>>>> Run 2 of 10 ...
[2025-08-30 03:23:35] [TRACE] ENTER initialize_scratchpad(arg0=*** Problem Statement ***

A line in the plane ...)
[2025-08-30 03:23:35] [TRACE] EXIT initialize_scratchpad -> --- WORKING THEORY SCRATCHPAD ---
**Problem Statement:** *** Problem Statement ***

A line in the plane is called *sunny* if it is not parallel to any of the $x$-axis, the $y$-axis, and the line $x... (0.00ms)
[2025-08-30 03:23:35] [TRACE] ENTER init_explorations(arg0=*** Problem Statement ***

A line in the plane ..., arg1=True, arg2=[], arg3=<__main__.BacktrackingManager object at 0x10448..., arg4=<__main__.TelemetrySystem object at 0x103cea090>)
[2025-08-30 03:23:35] [TRACE] ENTER initialize_scratchpad(arg0=*** Problem Statement ***

A line in the plane ...)
[2025-08-30 03:23:35] [TRACE] EXIT initialize_scratchpad -> --- WORKING THEORY SCRATCHPAD ---
**Problem Statement:** *** Problem Statement ***

A line in the plane is called *sunny* if it is not parallel to any of the $x$-axis, the $y$-axis, and the line $x... (0.00ms)
[2025-08-30 03:23:35] [NRPA] Starting Strategist with NRPA Strategy Search...
[2025-08-30 03:23:35] [TRACE] ENTER enumerate_initial_strategies(arg0=*** Problem Statement ***

A line in the plane ..., arg1=[])
[2025-08-30 03:23:35] [ERROR] Exception in enumerate_initial_strategies (attempt 1): No module named 'prompts'
[2025-08-30 03:23:35] [NRPA] Invalid/empty strategist response, re-asking (attempt 1/5)
[2025-08-30 03:23:37] [ERROR] Exception in enumerate_initial_strategies (attempt 2): No module named 'prompts'
[2025-08-30 03:23:37] [NRPA] Invalid/empty strategist response, re-asking (attempt 2/5)
[2025-08-30 03:23:39] [ERROR] Exception in enumerate_initial_strategies (attempt 3): No module named 'prompts'
[2025-08-30 03:23:39] [NRPA] Invalid/empty strategist response, re-asking (attempt 3/5)
[2025-08-30 03:23:41] [ERROR] Exception in enumerate_initial_strategies (attempt 4): No module named 'prompts'
[2025-08-30 03:23:41] [NRPA] Invalid/empty strategist response, re-asking (attempt 4/5)
[2025-08-30 03:23:43] [ERROR] Exception in enumerate_initial_strategies (attempt 5): No module named 'prompts'
[2025-08-30 03:23:43] [NRPA] All re-asking attempts failed, using default strategies
[2025-08-30 03:23:43] [NRPA] No valid strategies parsed, using default strategies:
[2025-08-30 03:23:43]  - Direct Approach: Solve the problem directly using standard techniques and known theorems
[2025-08-30 03:23:43]  - Case Analysis: Break the problem into manageable cases based on key parameters
[2025-08-30 03:23:43]  - Proof by Contradiction: Assume the opposite of what we want to prove and derive a contradiction
[2025-08-30 03:23:43]  - Constructive Proof: Build explicit examples or constructions to demonstrate the solution exists
[2025-08-30 03:23:43]  - Induction: Use mathematical induction if the problem involves natural numbers or recursive structures
[2025-08-30 03:23:43] [TRACE] EXIT enumerate_initial_strategies -> ['Direct Approach: Solve the problem directly using standard techniques and known theorems', 'Case Analysis: Break the problem into manageable cases based on key parameters', 'Proof by Contradictio... (8.02ms)
[2025-08-30 03:23:43] [NRPA] Starting search: L=2, N=60, Alpha=1.0, MaxDepth=4, Temp=1.0
[2025-08-30 03:23:43] [TRACE] ENTER rollout(arg0=<IMO25.code.nrpa.PolicyManager object at 0x1046..., arg1=['Direct Approach: Solve the problem directly u..., arg2=<function NRPAStrategySelector.select_strategy...., arg3=<function NRPAStrateg...)
[2025-08-30 03:23:43] [NRPA] Generating refinements for prefix: Constructive Proof: Build explicit examples or constructions to demonstrate the solution exists
[2025-08-30 03:23:43] [ERROR] Exception in generate_refinements: No module named 'prompts'
[2025-08-30 03:23:43] [NRPA] Using default refinement due to error: ['Refinement of: Constructive Proof: Build explicit examples or constructions to demonstrate the solution exists']
[2025-08-30 03:23:43] [TRACE] ERROR rollout -> AttributeError: 'ExplorationMetaLearner' object has no attribute 'ExplorationState' (0.00ms)
[2025-08-30 03:23:43] [TRACE] ERROR init_explorations -> AttributeError: 'ExplorationMetaLearner' object has no attribute 'ExplorationState' (8.02ms)
[2025-08-30 03:23:43] [MAIN] >>>>>>> Error in run 2: 'ExplorationMetaLearner' object has no attribute 'ExplorationState'
[2025-08-30 03:23:43] 

[MAIN] >>>>>>>>>>>>>>>>>>>>>>>>>> Run 3 of 10 ...
[2025-08-30 03:23:43] [TRACE] ENTER initialize_scratchpad(arg0=*** Problem Statement ***

A line in the plane ...)
[2025-08-30 03:23:43] [TRACE] EXIT initialize_scratchpad -> --- WORKING THEORY SCRATCHPAD ---
**Problem Statement:** *** Problem Statement ***

A line in the plane is called *sunny* if it is not parallel to any of the $x$-axis, the $y$-axis, and the line $x... (0.00ms)
[2025-08-30 03:23:43] [TRACE] ENTER init_explorations(arg0=*** Problem Statement ***

A line in the plane ..., arg1=True, arg2=[], arg3=<__main__.BacktrackingManager object at 0x103ce..., arg4=<__main__.TelemetrySystem object at 0x104482c90>)
[2025-08-30 03:23:43] [TRACE] ENTER initialize_scratchpad(arg0=*** Problem Statement ***

A line in the plane ...)
[2025-08-30 03:23:43] [TRACE] EXIT initialize_scratchpad -> --- WORKING THEORY SCRATCHPAD ---
**Problem Statement:** *** Problem Statement ***

A line in the plane is called *sunny* if it is not parallel to any of the $x$-axis, the $y$-axis, and the line $x... (0.00ms)
[2025-08-30 03:23:43] [NRPA] Starting Strategist with NRPA Strategy Search...
[2025-08-30 03:23:43] [TRACE] ENTER enumerate_initial_strategies(arg0=*** Problem Statement ***

A line in the plane ..., arg1=[])
[2025-08-30 03:23:43] [ERROR] Exception in enumerate_initial_strategies (attempt 1): No module named 'prompts'
[2025-08-30 03:23:43] [NRPA] Invalid/empty strategist response, re-asking (attempt 1/5)
[2025-08-30 03:23:45] [ERROR] Exception in enumerate_initial_strategies (attempt 2): No module named 'prompts'
[2025-08-30 03:23:45] [NRPA] Invalid/empty strategist response, re-asking (attempt 2/5)
[2025-08-30 03:23:47] [ERROR] Exception in enumerate_initial_strategies (attempt 3): No module named 'prompts'
[2025-08-30 03:23:47] [TRACE] ERROR enumerate_initial_strategies -> BrokenPipeError: [Errno 32] Broken pipe (4.01ms)
[2025-08-30 03:23:47] [TRACE] ERROR init_explorations -> BrokenPipeError: [Errno 32] Broken pipe (4.01ms)
[2025-08-30 03:23:47] [MAIN] >>>>>>> Error in run 3: [Errno 32] Broken pipe
[2025-08-30 03:23:47] 

[MAIN] >>>>>>>>>>>>>>>>>>>>>>>>>> Run 4 of 10 ...
[2025-08-30 03:23:47] [TRACE] ENTER initialize_scratchpad(arg0=*** Problem Statement ***

A line in the plane ...)
[2025-08-30 03:23:47] [TRACE] EXIT initialize_scratchpad -> --- WORKING THEORY SCRATCHPAD ---
**Problem Statement:** *** Problem Statement ***

A line in the plane is called *sunny* if it is not parallel to any of the $x$-axis, the $y$-axis, and the line $x... (0.00ms)
[2025-08-30 03:23:47] [TRACE] ENTER init_explorations(arg0=*** Problem Statement ***

A line in the plane ..., arg1=True, arg2=[], arg3=<__main__.BacktrackingManager object at 0x10448..., arg4=<__main__.TelemetrySystem object at 0x103cea090>)
[2025-08-30 03:23:47] [TRACE] ENTER initialize_scratchpad(arg0=*** Problem Statement ***

A line in the plane ...)
[2025-08-30 03:23:47] [TRACE] EXIT initialize_scratchpad -> --- WORKING THEORY SCRATCHPAD ---
**Problem Statement:** *** Problem Statement ***

A line in the plane is called *sunny* if it is not parallel to any of the $x$-axis, the $y$-axis, and the line $x... (0.00ms)
[2025-08-30 03:23:47] [NRPA] Starting Strategist with NRPA Strategy Search...
[2025-08-30 03:23:47] [TRACE] ENTER enumerate_initial_strategies(arg0=*** Problem Statement ***

A line in the plane ..., arg1=[])
[2025-08-30 03:23:47] [ERROR] Exception in enumerate_initial_strategies (attempt 1): No module named 'prompts'
[2025-08-30 03:23:47] [TRACE] ERROR enumerate_initial_strategies -> BrokenPipeError: [Errno 32] Broken pipe (0.00ms)
[2025-08-30 03:23:47] [TRACE] ERROR init_explorations -> BrokenPipeError: [Errno 32] Broken pipe (0.00ms)
[2025-08-30 03:23:47] [MAIN] >>>>>>> Error in run 4: [Errno 32] Broken pipe
[2025-08-30 03:23:47] 

[MAIN] >>>>>>>>>>>>>>>>>>>>>>>>>> Run 5 of 10 ...
[2025-08-30 03:23:47] [TRACE] ENTER initialize_scratchpad(arg0=*** Problem Statement ***

A line in the plane ...)
[2025-08-30 03:23:47] [TRACE] EXIT initialize_scratchpad -> --- WORKING THEORY SCRATCHPAD ---
**Problem Statement:** *** Problem Statement ***

A line in the plane is called *sunny* if it is not parallel to any of the $x$-axis, the $y$-axis, and the line $x... (0.00ms)
[2025-08-30 03:23:47] [TRACE] ENTER init_explorations(arg0=*** Problem Statement ***

A line in the plane ..., arg1=True, arg2=[], arg3=<__main__.BacktrackingManager object at 0x103ce..., arg4=<__main__.TelemetrySystem object at 0x104482c90>)
[2025-08-30 03:23:47] [TRACE] ENTER initialize_scratchpad(arg0=*** Problem Statement ***

A line in the plane ...)
[2025-08-30 03:23:47] [TRACE] EXIT initialize_scratchpad -> --- WORKING THEORY SCRATCHPAD ---
**Problem Statement:** *** Problem Statement ***

A line in the plane is called *sunny* if it is not parallel to any of the $x$-axis, the $y$-axis, and the line $x... (0.00ms)
[2025-08-30 03:23:47] [NRPA] Starting Strategist with NRPA Strategy Search...
[2025-08-30 03:23:47] [TRACE] ENTER enumerate_initial_strategies(arg0=*** Problem Statement ***

A line in the plane ..., arg1=[])
[2025-08-30 03:23:47] [ERROR] Exception in enumerate_initial_strategies (attempt 1): No module named 'prompts'
[2025-08-30 03:23:47] [TRACE] ERROR enumerate_initial_strategies -> BrokenPipeError: [Errno 32] Broken pipe (0.00ms)
[2025-08-30 03:23:47] [TRACE] ERROR init_explorations -> BrokenPipeError: [Errno 32] Broken pipe (0.00ms)
[2025-08-30 03:23:47] [MAIN] >>>>>>> Error in run 5: [Errno 32] Broken pipe
[2025-08-30 03:23:47] 

[MAIN] >>>>>>>>>>>>>>>>>>>>>>>>>> Run 6 of 10 ...
[2025-08-30 03:23:47] [TRACE] ENTER initialize_scratchpad(arg0=*** Problem Statement ***

A line in the plane ...)
[2025-08-30 03:23:47] [TRACE] EXIT initialize_scratchpad -> --- WORKING THEORY SCRATCHPAD ---
**Problem Statement:** *** Problem Statement ***

A line in the plane is called *sunny* if it is not parallel to any of the $x$-axis, the $y$-axis, and the line $x... (0.00ms)
[2025-08-30 03:23:47] [TRACE] ENTER init_explorations(arg0=*** Problem Statement ***

A line in the plane ..., arg1=True, arg2=[], arg3=<__main__.BacktrackingManager object at 0x10448..., arg4=<__main__.TelemetrySystem object at 0x103cea090>)
[2025-08-30 03:23:47] [TRACE] ENTER initialize_scratchpad(arg0=*** Problem Statement ***

A line in the plane ...)
[2025-08-30 03:23:47] [TRACE] EXIT initialize_scratchpad -> --- WORKING THEORY SCRATCHPAD ---
**Problem Statement:** *** Problem Statement ***

A line in the plane is called *sunny* if it is not parallel to any of the $x$-axis, the $y$-axis, and the line $x... (0.00ms)
[2025-08-30 03:23:47] [NRPA] Starting Strategist with NRPA Strategy Search...
[2025-08-30 03:23:47] [TRACE] ENTER enumerate_initial_strategies(arg0=*** Problem Statement ***

A line in the plane ..., arg1=[])
[2025-08-30 03:23:47] [ERROR] Exception in enumerate_initial_strategies (attempt 1): No module named 'prompts'
[2025-08-30 03:23:47] [TRACE] ERROR enumerate_initial_strategies -> BrokenPipeError: [Errno 32] Broken pipe (0.00ms)
[2025-08-30 03:23:47] [TRACE] ERROR init_explorations -> BrokenPipeError: [Errno 32] Broken pipe (0.00ms)
[2025-08-30 03:23:47] [MAIN] >>>>>>> Error in run 6: [Errno 32] Broken pipe
[2025-08-30 03:23:47] 

[MAIN] >>>>>>>>>>>>>>>>>>>>>>>>>> Run 7 of 10 ...
[2025-08-30 03:23:47] [TRACE] ENTER initialize_scratchpad(arg0=*** Problem Statement ***

A line in the plane ...)
[2025-08-30 03:23:47] [TRACE] EXIT initialize_scratchpad -> --- WORKING THEORY SCRATCHPAD ---
**Problem Statement:** *** Problem Statement ***

A line in the plane is called *sunny* if it is not parallel to any of the $x$-axis, the $y$-axis, and the line $x... (0.00ms)
[2025-08-30 03:23:47] [TRACE] ENTER init_explorations(arg0=*** Problem Statement ***

A line in the plane ..., arg1=True, arg2=[], arg3=<__main__.BacktrackingManager object at 0x103ce..., arg4=<__main__.TelemetrySystem object at 0x104482c90>)
[2025-08-30 03:23:47] [TRACE] ENTER initialize_scratchpad(arg0=*** Problem Statement ***

A line in the plane ...)
[2025-08-30 03:23:47] [TRACE] EXIT initialize_scratchpad -> --- WORKING THEORY SCRATCHPAD ---
**Problem Statement:** *** Problem Statement ***

A line in the plane is called *sunny* if it is not parallel to any of the $x$-axis, the $y$-axis, and the line $x... (0.00ms)
[2025-08-30 03:23:47] [NRPA] Starting Strategist with NRPA Strategy Search...
[2025-08-30 03:23:47] [TRACE] ENTER enumerate_initial_strategies(arg0=*** Problem Statement ***

A line in the plane ..., arg1=[])
[2025-08-30 03:23:47] [ERROR] Exception in enumerate_initial_strategies (attempt 1): No module named 'prompts'
[2025-08-30 03:23:47] [TRACE] ERROR enumerate_initial_strategies -> BrokenPipeError: [Errno 32] Broken pipe (0.00ms)
[2025-08-30 03:23:47] [TRACE] ERROR init_explorations -> BrokenPipeError: [Errno 32] Broken pipe (0.00ms)
[2025-08-30 03:23:47] [MAIN] >>>>>>> Error in run 7: [Errno 32] Broken pipe
[2025-08-30 03:23:47] 

[MAIN] >>>>>>>>>>>>>>>>>>>>>>>>>> Run 8 of 10 ...
[2025-08-30 03:23:47] [TRACE] ENTER initialize_scratchpad(arg0=*** Problem Statement ***

A line in the plane ...)
[2025-08-30 03:23:47] [TRACE] EXIT initialize_scratchpad -> --- WORKING THEORY SCRATCHPAD ---
**Problem Statement:** *** Problem Statement ***

A line in the plane is called *sunny* if it is not parallel to any of the $x$-axis, the $y$-axis, and the line $x... (0.00ms)
[2025-08-30 03:23:47] [TRACE] ENTER init_explorations(arg0=*** Problem Statement ***

A line in the plane ..., arg1=True, arg2=[], arg3=<__main__.BacktrackingManager object at 0x10448..., arg4=<__main__.TelemetrySystem object at 0x103cea090>)
[2025-08-30 03:23:47] [TRACE] ENTER initialize_scratchpad(arg0=*** Problem Statement ***

A line in the plane ...)
[2025-08-30 03:23:47] [TRACE] EXIT initialize_scratchpad -> --- WORKING THEORY SCRATCHPAD ---
**Problem Statement:** *** Problem Statement ***

A line in the plane is called *sunny* if it is not parallel to any of the $x$-axis, the $y$-axis, and the line $x... (0.00ms)
[2025-08-30 03:23:47] [NRPA] Starting Strategist with NRPA Strategy Search...
[2025-08-30 03:23:47] [TRACE] ENTER enumerate_initial_strategies(arg0=*** Problem Statement ***

A line in the plane ..., arg1=[])
[2025-08-30 03:23:47] [ERROR] Exception in enumerate_initial_strategies (attempt 1): No module named 'prompts'
[2025-08-30 03:23:47] [TRACE] ERROR enumerate_initial_strategies -> BrokenPipeError: [Errno 32] Broken pipe (0.00ms)
[2025-08-30 03:23:47] [TRACE] ERROR init_explorations -> BrokenPipeError: [Errno 32] Broken pipe (0.00ms)
[2025-08-30 03:23:47] [MAIN] >>>>>>> Error in run 8: [Errno 32] Broken pipe
[2025-08-30 03:23:47] 

[MAIN] >>>>>>>>>>>>>>>>>>>>>>>>>> Run 9 of 10 ...
[2025-08-30 03:23:47] [TRACE] ENTER initialize_scratchpad(arg0=*** Problem Statement ***

A line in the plane ...)
[2025-08-30 03:23:47] [TRACE] EXIT initialize_scratchpad -> --- WORKING THEORY SCRATCHPAD ---
**Problem Statement:** *** Problem Statement ***

A line in the plane is called *sunny* if it is not parallel to any of the $x$-axis, the $y$-axis, and the line $x... (0.00ms)
[2025-08-30 03:23:47] [TRACE] ENTER init_explorations(arg0=*** Problem Statement ***

A line in the plane ..., arg1=True, arg2=[], arg3=<__main__.BacktrackingManager object at 0x103ce..., arg4=<__main__.TelemetrySystem object at 0x104482c90>)
[2025-08-30 03:23:47] [TRACE] ENTER initialize_scratchpad(arg0=*** Problem Statement ***

A line in the plane ...)
[2025-08-30 03:23:47] [TRACE] EXIT initialize_scratchpad -> --- WORKING THEORY SCRATCHPAD ---
**Problem Statement:** *** Problem Statement ***

A line in the plane is called *sunny* if it is not parallel to any of the $x$-axis, the $y$-axis, and the line $x... (0.00ms)
[2025-08-30 03:23:47] [NRPA] Starting Strategist with NRPA Strategy Search...
[2025-08-30 03:23:47] [TRACE] ENTER enumerate_initial_strategies(arg0=*** Problem Statement ***

A line in the plane ..., arg1=[])
[2025-08-30 03:23:47] [ERROR] Exception in enumerate_initial_strategies (attempt 1): No module named 'prompts'
[2025-08-30 03:23:47] [TRACE] ERROR enumerate_initial_strategies -> BrokenPipeError: [Errno 32] Broken pipe (0.00ms)
[2025-08-30 03:23:47] [TRACE] ERROR init_explorations -> BrokenPipeError: [Errno 32] Broken pipe (0.00ms)
[2025-08-30 03:23:47] [MAIN] >>>>>>> Error in run 9: [Errno 32] Broken pipe
