[2025-08-12 06:07:39] [MAIN] Logging to file: /Users/mohammadsaad/Desktop/IMO Framework CEO Genius /logs/IMO6.log
[2025-08-12 06:07:39] 

[MAIN] >>>>>>>>>>>>>>>>>>>>>>>>>> Run 0 of 10 ...
[2025-08-12 06:07:39] [NRPA] Starting Strategist with NRPA Strategy Search...
[2025-08-12 06:07:39] [MAIN] >>>>>>> Error in run 0: '\n  "canvas"'
[2025-08-12 06:07:39] 

[MAIN] >>>>>>>>>>>>>>>>>>>>>>>>>> Run 1 of 10 ...
[2025-08-12 06:07:39] [NRPA] Starting Strategist with NRPA Strategy Search...
[2025-08-12 06:07:39] [MAIN] >>>>>>> Error in run 1: '\n  "canvas"'
[2025-08-12 06:07:39] 

[MAIN] >>>>>>>>>>>>>>>>>>>>>>>>>> Run 2 of 10 ...
[2025-08-12 06:07:39] [NRPA] Starting Strategist with NRPA Strategy Search...
[2025-08-12 06:07:39] [MAIN] >>>>>>> Error in run 2: '\n  "canvas"'
[2025-08-12 06:07:39] 

[MAIN] >>>>>>>>>>>>>>>>>>>>>>>>>> Run 3 of 10 ...
[2025-08-12 06:07:39] [NRPA] Starting Strategist with NRPA Strategy Search...
[2025-08-12 06:07:39] [MAIN] >>>>>>> Error in run 3: '\n  "canvas"'
[2025-08-12 06:07:39] 

[MAIN] >>>>>>>>>>>>>>>>>>>>>>>>>> Run 4 of 10 ...
[2025-08-12 06:07:39] [NRPA] Starting Strategist with NRPA Strategy Search...
[2025-08-12 06:07:39] [MAIN] >>>>>>> Error in run 4: '\n  "canvas"'
[2025-08-12 06:07:39] 

[MAIN] >>>>>>>>>>>>>>>>>>>>>>>>>> Run 5 of 10 ...
[2025-08-12 06:07:39] [NRPA] Starting Strategist with NRPA Strategy Search...
[2025-08-12 06:07:39] [MAIN] >>>>>>> Error in run 5: '\n  "canvas"'
[2025-08-12 06:07:39] 

[MAIN] >>>>>>>>>>>>>>>>>>>>>>>>>> Run 6 of 10 ...
[2025-08-12 06:07:39] [NRPA] Starting Strategist with NRPA Strategy Search...
[2025-08-12 06:07:39] [MAIN] >>>>>>> Error in run 6: '\n  "canvas"'
[2025-08-12 06:07:39] 

[MAIN] >>>>>>>>>>>>>>>>>>>>>>>>>> Run 7 of 10 ...
[2025-08-12 06:07:39] [NRPA] Starting Strategist with NRPA Strategy Search...
[2025-08-12 06:07:39] [MAIN] >>>>>>> Error in run 7: '\n  "canvas"'
[2025-08-12 06:07:39] 

[MAIN] >>>>>>>>>>>>>>>>>>>>>>>>>> Run 8 of 10 ...
[2025-08-12 06:07:39] [NRPA] Starting Strategist with NRPA Strategy Search...
[2025-08-12 06:07:39] [MAIN] >>>>>>> Error in run 8: '\n  "canvas"'
[2025-08-12 06:07:39] 

[MAIN] >>>>>>>>>>>>>>>>>>>>>>>>>> Run 9 of 10 ...
[2025-08-12 06:07:39] [NRPA] Starting Strategist with NRPA Strategy Search...
[2025-08-12 06:07:39] [MAIN] >>>>>>> Error in run 9: '\n  "canvas"'
